TN:
SF:src/app.controller.ts
FN:9,(anonymous_2)
FN:13,(anonymous_3)
FN:19,(anonymous_4)
FNF:3
FNH:0
FNDA:0,(anonymous_2)
FNDA:0,(anonymous_3)
FNDA:0,(anonymous_4)
DA:1,0
DA:2,0
DA:3,0
DA:4,0
DA:5,0
DA:8,0
DA:9,0
DA:13,0
DA:14,0
DA:19,0
DA:20,0
LF:11
LH:0
BRDA:9,0,0,0
BRDA:9,0,1,0
BRDA:9,1,0,0
BRDA:9,1,1,0
BRF:4
BRH:0
end_of_record
TN:
SF:src/app.module.ts
FN:66,(anonymous_1)
FNF:1
FNH:0
FNDA:0,(anonymous_1)
DA:1,0
DA:2,0
DA:3,0
DA:4,0
DA:5,0
DA:7,0
DA:8,0
DA:9,0
DA:10,0
DA:11,0
DA:12,0
DA:13,0
DA:14,0
DA:15,0
DA:16,0
DA:17,0
DA:18,0
DA:19,0
DA:20,0
DA:21,0
DA:22,0
DA:23,0
DA:24,0
DA:25,0
DA:26,0
DA:27,0
DA:28,0
DA:29,0
DA:30,0
DA:31,0
DA:32,0
DA:33,0
DA:34,0
DA:35,0
DA:66,0
DA:118,0
LF:36
LH:0
BRDA:47,0,0,0
BRDA:47,0,1,0
BRDA:49,1,0,0
BRDA:49,1,1,0
BRF:4
BRH:0
end_of_record
TN:
SF:src/app.service.ts
FN:5,(anonymous_1)
FNF:1
FNH:0
FNDA:0,(anonymous_1)
DA:1,0
DA:4,0
DA:6,0
LF:3
LH:0
BRF:0
BRH:0
end_of_record
TN:
SF:src/main.ts
FN:13,bootstrap
FNF:1
FNH:0
FNDA:0,bootstrap
DA:1,0
DA:2,0
DA:3,0
DA:4,0
DA:5,0
DA:7,0
DA:9,0
DA:10,0
DA:11,0
DA:14,0
DA:15,0
DA:18,0
DA:24,0
DA:26,0
DA:41,0
DA:42,0
DA:45,0
DA:46,0
DA:47,0
DA:48,0
DA:50,0
DA:54,0
DA:57,0
DA:58,0
DA:59,0
DA:61,0
LF:26
LH:0
BRDA:45,0,0,0
BRDA:45,0,1,0
BRDA:47,1,0,0
BRDA:47,1,1,0
BRDA:59,2,0,0
BRDA:59,2,1,0
BRF:6
BRH:0
end_of_record
TN:
SF:src/achievements/achievements.controller.ts
FN:12,(anonymous_4)
FN:24,(anonymous_5)
FNF:2
FNH:0
FNDA:0,(anonymous_4)
FNDA:0,(anonymous_5)
DA:1,0
DA:2,0
DA:3,0
DA:4,0
DA:5,0
DA:6,0
DA:7,0
DA:11,0
DA:12,0
DA:24,0
DA:29,0
DA:30,0
DA:33,0
LF:13
LH:0
BRDA:29,0,0,0
BRDA:29,0,1,0
BRDA:29,1,0,0
BRDA:29,1,1,0
BRDA:26,2,0,0
BRDA:26,2,1,0
BRDA:26,3,0,0
BRDA:26,3,1,0
BRDA:27,4,0,0
BRDA:27,4,1,0
BRDA:27,5,0,0
BRDA:27,5,1,0
BRDA:12,6,0,0
BRDA:12,6,1,0
BRDA:12,7,0,0
BRDA:12,7,1,0
BRF:16
BRH:0
end_of_record
TN:
SF:src/achievements/achievements.module.ts
FN:16,(anonymous_2)
FN:18,(anonymous_3)
FNF:2
FNH:0
FNDA:0,(anonymous_2)
FNDA:0,(anonymous_3)
DA:1,0
DA:2,0
DA:3,0
DA:4,0
DA:5,0
DA:6,0
DA:7,0
DA:15,0
DA:16,0
DA:19,0
LF:10
LH:0
BRDA:16,0,0,0
BRDA:16,0,1,0
BRDA:16,1,0,0
BRDA:16,1,1,0
BRF:4
BRH:0
end_of_record
TN:
SF:src/achievements/achievements.service.ts
FN:13,(anonymous_4)
FN:22,(anonymous_5)
FN:96,(anonymous_6)
FN:180,(anonymous_7)
FN:198,(anonymous_8)
FN:200,(anonymous_9)
FNF:6
FNH:0
FNDA:0,(anonymous_4)
FNDA:0,(anonymous_5)
FNDA:0,(anonymous_6)
FNDA:0,(anonymous_7)
FNDA:0,(anonymous_8)
FNDA:0,(anonymous_9)
DA:1,0
DA:2,0
DA:3,0
DA:4,0
DA:5,0
DA:6,0
DA:10,0
DA:11,0
DA:15,0
DA:17,0
DA:19,0
DA:23,0
DA:24,0
DA:26,0
DA:89,0
DA:90,0
DA:93,0
DA:97,0
DA:101,0
DA:103,0
DA:152,0
DA:153,0
DA:155,0
DA:159,0
DA:161,0
DA:165,0
DA:166,0
DA:173,0
DA:183,0
DA:187,0
DA:188,0
DA:191,0
DA:196,0
DA:198,0
DA:199,0
DA:200,0
DA:203,0
LF:37
LH:0
BRDA:24,0,0,0
BRDA:24,0,1,0
BRDA:101,1,0,0
BRDA:101,1,1,0
BRDA:123,2,0,0
BRDA:123,2,1,0
BRDA:130,3,0,0
BRDA:130,3,1,0
BRDA:153,4,0,0
BRDA:153,4,1,0
BRDA:159,5,0,0
BRDA:159,5,1,0
BRDA:165,6,0,0
BRDA:165,6,1,0
BRDA:187,7,0,0
BRDA:187,7,1,0
BRDA:211,8,0,0
BRDA:211,8,1,0
BRDA:15,9,0,0
BRDA:15,9,1,0
BRDA:15,10,0,0
BRDA:15,10,1,0
BRDA:15,11,0,0
BRDA:15,11,1,0
BRDA:15,12,0,0
BRDA:15,12,1,0
BRDA:17,13,0,0
BRDA:17,13,1,0
BRDA:17,14,0,0
BRDA:17,14,1,0
BRF:30
BRH:0
end_of_record
TN:
SF:src/achievements/dto/achievement-response.dto.ts
FNF:0
FNH:0
DA:1,0
DA:2,0
DA:4,0
DA:6,0
DA:9,0
DA:12,0
DA:15,0
DA:18,0
DA:21,0
DA:24,0
DA:27,0
LF:11
LH:0
BRDA:9,0,0,0
BRDA:9,0,1,0
BRDA:9,1,0,0
BRDA:9,1,1,0
BRF:4
BRH:0
end_of_record
TN:
SF:src/achievements/entities/achievement.entity.ts
FN:9,(anonymous_2)
FNF:1
FNH:0
FNDA:0,(anonymous_2)
DA:1,0
DA:9,0
DA:10,0
DA:11,0
DA:12,0
DA:13,0
DA:14,0
DA:15,0
DA:16,0
DA:17,0
DA:18,0
DA:19,0
DA:24,0
DA:26,0
DA:29,0
DA:32,0
DA:35,0
DA:38,0
DA:41,0
DA:44,0
LF:20
LH:0
BRDA:9,0,0,0
BRDA:9,0,1,0
BRDA:44,1,0,0
BRDA:44,1,1,0
BRDA:44,2,0,0
BRDA:44,2,1,0
BRF:6
BRH:0
end_of_record
TN:
SF:src/achievements/entities/user-achievement.entity.ts
FN:22,(anonymous_2)
FN:26,(anonymous_3)
FNF:2
FNH:0
FNDA:0,(anonymous_2)
FNDA:0,(anonymous_3)
DA:1,0
DA:11,0
DA:12,0
DA:18,0
DA:20,0
DA:22,0
DA:24,0
DA:26,0
DA:28,0
DA:31,0
DA:34,0
LF:11
LH:0
BRDA:24,0,0,0
BRDA:24,0,1,0
BRDA:24,1,0,0
BRDA:24,1,1,0
BRDA:28,2,0,0
BRDA:28,2,1,0
BRDA:28,3,0,0
BRDA:28,3,1,0
BRDA:34,4,0,0
BRDA:34,4,1,0
BRDA:34,5,0,0
BRDA:34,5,1,0
BRF:12
BRH:0
end_of_record
TN:
SF:src/admin/admin.controller.ts
FN:44,(anonymous_4)
FN:50,(anonymous_5)
FN:64,(anonymous_6)
FN:80,(anonymous_7)
FN:91,(anonymous_8)
FN:104,(anonymous_9)
FN:121,(anonymous_10)
FN:128,(anonymous_11)
FN:141,(anonymous_12)
FN:149,(anonymous_13)
FN:162,(anonymous_14)
FN:171,(anonymous_15)
FN:177,(anonymous_16)
FN:190,(anonymous_17)
FN:203,(anonymous_18)
FN:211,(anonymous_19)
FN:219,(anonymous_20)
FN:234,(anonymous_21)
FNF:18
FNH:0
FNDA:0,(anonymous_4)
FNDA:0,(anonymous_5)
FNDA:0,(anonymous_6)
FNDA:0,(anonymous_7)
FNDA:0,(anonymous_8)
FNDA:0,(anonymous_9)
FNDA:0,(anonymous_10)
FNDA:0,(anonymous_11)
FNDA:0,(anonymous_12)
FNDA:0,(anonymous_13)
FNDA:0,(anonymous_14)
FNDA:0,(anonymous_15)
FNDA:0,(anonymous_16)
FNDA:0,(anonymous_17)
FNDA:0,(anonymous_18)
FNDA:0,(anonymous_19)
FNDA:0,(anonymous_20)
FNDA:0,(anonymous_21)
DA:1,0
DA:2,0
DA:16,0
DA:18,0
DA:19,0
DA:20,0
DA:21,0
DA:22,0
DA:23,0
DA:24,0
DA:25,0
DA:26,0
DA:27,0
DA:28,0
DA:29,0
DA:30,0
DA:31,0
DA:32,0
DA:33,0
DA:34,0
DA:36,0
DA:43,0
DA:44,0
DA:50,0
DA:51,0
DA:64,0
DA:67,0
DA:80,0
DA:84,0
DA:91,0
DA:92,0
DA:104,0
DA:105,0
DA:121,0
DA:124,0
DA:128,0
DA:133,0
DA:141,0
DA:142,0
DA:149,0
DA:154,0
DA:162,0
DA:166,0
DA:171,0
DA:172,0
DA:177,0
DA:182,0
DA:190,0
DA:195,0
DA:203,0
DA:207,0
DA:211,0
DA:212,0
DA:219,0
DA:220,0
DA:234,0
DA:238,0
DA:240,0
DA:241,0
DA:242,0
DA:246,0
DA:248,0
LF:62
LH:0
BRDA:240,0,0,0
BRDA:240,0,1,0
BRDA:50,1,0,0
BRDA:50,1,1,0
BRDA:50,2,0,0
BRDA:50,2,1,0
BRDA:65,3,0,0
BRDA:65,3,1,0
BRDA:65,4,0,0
BRDA:65,4,1,0
BRDA:66,5,0,0
BRDA:66,5,1,0
BRDA:66,6,0,0
BRDA:66,6,1,0
BRDA:82,7,0,0
BRDA:82,7,1,0
BRDA:82,8,0,0
BRDA:82,8,1,0
BRDA:91,9,0,0
BRDA:91,9,1,0
BRDA:91,10,0,0
BRDA:91,10,1,0
BRDA:104,11,0,0
BRDA:104,11,1,0
BRDA:104,12,0,0
BRDA:104,12,1,0
BRDA:122,13,0,0
BRDA:122,13,1,0
BRDA:122,14,0,0
BRDA:122,14,1,0
BRDA:130,15,0,0
BRDA:130,15,1,0
BRDA:130,16,0,0
BRDA:130,16,1,0
BRDA:151,17,0,0
BRDA:151,17,1,0
BRDA:151,18,0,0
BRDA:151,18,1,0
BRDA:164,19,0,0
BRDA:164,19,1,0
BRDA:164,20,0,0
BRDA:164,20,1,0
BRDA:171,21,0,0
BRDA:171,21,1,0
BRDA:171,22,0,0
BRDA:171,22,1,0
BRDA:179,23,0,0
BRDA:179,23,1,0
BRDA:179,24,0,0
BRDA:179,24,1,0
BRDA:192,25,0,0
BRDA:192,25,1,0
BRDA:192,26,0,0
BRDA:192,26,1,0
BRDA:205,27,0,0
BRDA:205,27,1,0
BRDA:205,28,0,0
BRDA:205,28,1,0
BRDA:235,29,0,0
BRDA:235,29,1,0
BRDA:235,30,0,0
BRDA:235,30,1,0
BRDA:237,31,0,0
BRDA:237,31,1,0
BRDA:237,32,0,0
BRDA:237,32,1,0
BRDA:44,33,0,0
BRDA:44,33,1,0
BRDA:44,34,0,0
BRDA:44,34,1,0
BRF:70
BRH:0
end_of_record
TN:
SF:src/admin/admin.module.ts
FNF:0
FNH:0
DA:1,0
DA:2,0
DA:3,0
DA:4,0
DA:5,0
DA:6,0
DA:7,0
DA:8,0
DA:9,0
DA:10,0
DA:11,0
DA:12,0
DA:13,0
DA:14,0
DA:15,0
DA:16,0
DA:17,0
DA:18,0
DA:19,0
DA:45,0
LF:20
LH:0
BRF:0
BRH:0
end_of_record
TN:
SF:src/admin/admin.service.ts
FN:47,(anonymous_4)
FN:77,(anonymous_5)
FN:134,(anonymous_6)
FN:204,(anonymous_7)
FN:217,(anonymous_8)
FN:258,(anonymous_9)
FN:272,(anonymous_10)
FN:288,(anonymous_11)
FN:307,(anonymous_12)
FN:325,(anonymous_13)
FN:355,(anonymous_14)
FN:388,(anonymous_15)
FN:392,(anonymous_16)
FN:400,(anonymous_17)
FN:452,(anonymous_18)
FN:489,(anonymous_19)
FN:561,(anonymous_20)
FN:595,(anonymous_21)
FN:614,(anonymous_22)
FN:648,(anonymous_23)
FN:682,(anonymous_24)
FN:752,(anonymous_25)
FN:806,(anonymous_26)
FNF:23
FNH:0
FNDA:0,(anonymous_4)
FNDA:0,(anonymous_5)
FNDA:0,(anonymous_6)
FNDA:0,(anonymous_7)
FNDA:0,(anonymous_8)
FNDA:0,(anonymous_9)
FNDA:0,(anonymous_10)
FNDA:0,(anonymous_11)
FNDA:0,(anonymous_12)
FNDA:0,(anonymous_13)
FNDA:0,(anonymous_14)
FNDA:0,(anonymous_15)
FNDA:0,(anonymous_16)
FNDA:0,(anonymous_17)
FNDA:0,(anonymous_18)
FNDA:0,(anonymous_19)
FNDA:0,(anonymous_20)
FNDA:0,(anonymous_21)
FNDA:0,(anonymous_22)
FNDA:0,(anonymous_23)
FNDA:0,(anonymous_24)
FNDA:0,(anonymous_25)
FNDA:0,(anonymous_26)
DA:1,0
DA:9,0
DA:10,0
DA:11,0
DA:12,0
DA:13,0
DA:14,0
DA:17,0
DA:18,0
DA:19,0
DA:20,0
DA:21,0
DA:22,0
DA:23,0
DA:24,0
DA:25,0
DA:26,0
DA:27,0
DA:28,0
DA:34,0
DA:44,0
DA:45,0
DA:49,0
DA:51,0
DA:53,0
DA:55,0
DA:57,0
DA:59,0
DA:61,0
DA:63,0
DA:65,0
DA:67,0
DA:69,0
DA:71,0
DA:72,0
DA:73,0
DA:74,0
DA:78,0
DA:79,0
DA:80,0
DA:82,0
DA:83,0
DA:86,0
DA:90,0
DA:91,0
DA:94,0
DA:98,0
DA:100,0
DA:105,0
DA:107,0
DA:110,0
DA:115,0
DA:119,0
DA:135,0
DA:136,0
DA:137,0
DA:138,0
DA:139,0
DA:141,0
DA:142,0
DA:144,0
DA:145,0
DA:148,0
DA:152,0
DA:153,0
DA:156,0
DA:161,0
DA:163,0
DA:166,0
DA:168,0
DA:173,0
DA:175,0
DA:180,0
DA:183,0
DA:187,0
DA:192,0
DA:205,0
DA:206,0
DA:211,0
DA:214,0
DA:225,0
DA:226,0
DA:228,0
DA:230,0
DA:231,0
DA:239,0
DA:240,0
DA:243,0
DA:245,0
DA:247,0
DA:259,0
DA:260,0
DA:262,0
DA:264,0
DA:265,0
DA:268,0
DA:270,0
DA:272,0
DA:279,0
DA:289,0
DA:290,0
DA:292,0
DA:293,0
DA:294,0
DA:295,0
DA:297,0
DA:299,0
DA:304,0
DA:308,0
DA:309,0
DA:311,0
DA:312,0
DA:313,0
DA:314,0
DA:316,0
DA:318,0
DA:322,0
DA:330,0
DA:331,0
DA:334,0
DA:335,0
DA:337,0
DA:338,0
DA:340,0
DA:342,0
DA:348,0
DA:352,0
DA:356,0
DA:357,0
DA:359,0
DA:360,0
DA:362,0
DA:363,0
DA:366,0
DA:367,0
DA:373,0
DA:375,0
DA:377,0
DA:389,0
DA:397,0
DA:405,0
DA:409,0
DA:410,0
DA:413,0
DA:414,0
DA:417,0
DA:418,0
DA:421,0
DA:422,0
DA:428,0
DA:429,0
DA:434,0
DA:438,0
DA:441,0
DA:442,0
DA:443,0
DA:446,0
DA:451,0
DA:453,0
DA:472,0
DA:482,0
DA:486,0
DA:493,0
DA:497,0
DA:498,0
DA:503,0
DA:504,0
DA:507,0
DA:508,0
DA:511,0
DA:516,0
DA:517,0
DA:518,0
DA:520,0
DA:522,0
DA:523,0
DA:524,0
DA:526,0
DA:527,0
DA:528,0
DA:529,0
DA:530,0
DA:533,0
DA:534,0
DA:535,0
DA:536,0
DA:539,0
DA:541,0
DA:542,0
DA:548,0
DA:549,0
DA:556,0
DA:558,0
DA:560,0
DA:562,0
DA:578,0
DA:588,0
DA:592,0
DA:600,0
DA:604,0
DA:605,0
DA:608,0
DA:609,0
DA:611,0
DA:615,0
DA:619,0
DA:620,0
DA:623,0
DA:624,0
DA:627,0
DA:628,0
DA:629,0
DA:632,0
DA:641,0
DA:645,0
DA:649,0
DA:653,0
DA:654,0
DA:657,0
DA:658,0
DA:661,0
DA:662,0
DA:663,0
DA:666,0
DA:675,0
DA:679,0
DA:683,0
DA:684,0
DA:687,0
DA:689,0
DA:690,0
DA:692,0
DA:693,0
DA:695,0
DA:696,0
DA:698,0
DA:702,0
DA:707,0
DA:712,0
DA:721,0
DA:722,0
DA:728,0
DA:732,0
DA:743,0
DA:744,0
DA:745,0
DA:746,0
DA:749,0
DA:767,0
DA:769,0
DA:770,0
DA:772,0
DA:773,0
DA:776,0
DA:777,0
DA:778,0
DA:779,0
DA:780,0
DA:781,0
DA:782,0
DA:783,0
DA:784,0
DA:785,0
DA:790,0
DA:791,0
DA:797,0
DA:800,0
DA:802,0
DA:805,0
DA:807,0
DA:808,0
DA:811,0
DA:816,0
DA:819,0
DA:821,0
DA:847,0
LF:276
LH:0
BRDA:105,0,0,0
BRDA:105,0,1,0
BRDA:144,1,0,0
BRDA:144,1,1,0
BRDA:152,2,0,0
BRDA:152,2,1,0
BRDA:166,3,0,0
BRDA:166,3,1,0
BRDA:173,4,0,0
BRDA:173,4,1,0
BRDA:180,5,0,0
BRDA:180,5,1,0
BRDA:183,6,0,0
BRDA:183,6,1,0
BRDA:214,7,0,0
BRDA:214,7,1,0
BRDA:219,8,0,0
BRDA:220,9,0,0
BRDA:223,10,0,0
BRDA:224,11,0,0
BRDA:230,12,0,0
BRDA:230,12,1,0
BRDA:239,13,0,0
BRDA:239,13,1,0
BRDA:259,14,0,0
BRDA:259,15,0,0
BRDA:264,16,0,0
BRDA:264,16,1,0
BRDA:290,17,0,0
BRDA:290,17,1,0
BRDA:309,18,0,0
BRDA:309,18,1,0
BRDA:330,19,0,0
BRDA:330,19,1,0
BRDA:335,20,0,0
BRDA:335,20,1,0
BRDA:356,21,0,0
BRDA:356,22,0,0
BRDA:362,23,0,0
BRDA:362,23,1,0
BRDA:366,24,0,0
BRDA:366,24,1,0
BRDA:366,25,0,0
BRDA:366,25,1,0
BRDA:409,26,0,0
BRDA:409,26,1,0
BRDA:413,27,0,0
BRDA:413,27,1,0
BRDA:417,28,0,0
BRDA:417,28,1,0
BRDA:421,29,0,0
BRDA:421,29,1,0
BRDA:463,30,0,0
BRDA:463,30,1,0
BRDA:478,31,0,0
BRDA:478,31,1,0
BRDA:497,32,0,0
BRDA:497,32,1,0
BRDA:503,33,0,0
BRDA:503,33,1,0
BRDA:507,34,0,0
BRDA:507,34,1,0
BRDA:518,35,0,0
BRDA:518,35,1,0
BRDA:522,36,0,0
BRDA:522,36,1,0
BRDA:528,37,0,0
BRDA:528,37,1,0
BRDA:534,38,0,0
BRDA:534,38,1,0
BRDA:567,39,0,0
BRDA:567,39,1,0
BRDA:572,40,0,0
BRDA:572,40,1,0
BRDA:604,41,0,0
BRDA:604,41,1,0
BRDA:609,42,0,0
BRDA:609,42,1,0
BRDA:619,43,0,0
BRDA:619,43,1,0
BRDA:623,44,0,0
BRDA:623,44,1,0
BRDA:653,45,0,0
BRDA:653,45,1,0
BRDA:657,46,0,0
BRDA:657,46,1,0
BRDA:687,47,0,0
BRDA:687,47,1,0
BRDA:687,47,2,0
BRDA:687,47,3,0
BRDA:721,48,0,0
BRDA:721,48,1,0
BRDA:743,49,0,0
BRDA:743,49,1,0
BRDA:761,50,0,0
BRDA:763,51,0,0
BRDA:764,52,0,0
BRDA:765,53,0,0
BRDA:766,54,0,0
BRDA:776,55,0,0
BRDA:776,55,1,0
BRDA:777,56,0,0
BRDA:777,56,1,0
BRDA:779,57,0,0
BRDA:779,57,1,0
BRDA:781,58,0,0
BRDA:781,58,1,0
BRDA:783,59,0,0
BRDA:783,59,1,0
BRDA:790,60,0,0
BRDA:790,60,1,0
BRDA:807,61,0,0
BRDA:807,61,1,0
BRDA:808,62,0,0
BRDA:808,62,1,0
BRDA:825,63,0,0
BRDA:825,63,1,0
BRDA:827,64,0,0
BRDA:827,64,1,0
BRDA:831,65,0,0
BRDA:831,65,1,0
BRDA:835,66,0,0
BRDA:835,66,1,0
BRDA:49,67,0,0
BRDA:49,67,1,0
BRDA:49,68,0,0
BRDA:49,68,1,0
BRDA:49,69,0,0
BRDA:49,69,1,0
BRDA:49,70,0,0
BRDA:49,70,1,0
BRDA:51,71,0,0
BRDA:51,71,1,0
BRDA:51,72,0,0
BRDA:51,72,1,0
BRDA:53,73,0,0
BRDA:53,73,1,0
BRDA:53,74,0,0
BRDA:53,74,1,0
BRDA:55,75,0,0
BRDA:55,75,1,0
BRDA:55,76,0,0
BRDA:55,76,1,0
BRDA:57,77,0,0
BRDA:57,77,1,0
BRDA:57,78,0,0
BRDA:57,78,1,0
BRDA:59,79,0,0
BRDA:59,79,1,0
BRDA:59,80,0,0
BRDA:59,80,1,0
BRDA:61,81,0,0
BRDA:61,81,1,0
BRDA:61,82,0,0
BRDA:61,82,1,0
BRDA:63,83,0,0
BRDA:63,83,1,0
BRDA:63,84,0,0
BRDA:63,84,1,0
BRDA:65,85,0,0
BRDA:65,85,1,0
BRDA:65,86,0,0
BRDA:65,86,1,0
BRDA:67,87,0,0
BRDA:67,87,1,0
BRDA:67,88,0,0
BRDA:67,88,1,0
BRDA:69,89,0,0
BRDA:69,89,1,0
BRDA:69,90,0,0
BRDA:69,90,1,0
BRDA:71,91,0,0
BRDA:71,91,1,0
BRDA:71,92,0,0
BRDA:71,92,1,0
BRDA:72,93,0,0
BRDA:72,93,1,0
BRDA:72,94,0,0
BRDA:72,94,1,0
BRDA:73,95,0,0
BRDA:73,95,1,0
BRDA:73,96,0,0
BRDA:73,96,1,0
BRF:183
BRH:0
end_of_record
TN:
SF:src/admin/dto/activity-log-query.dto.ts
FN:15,(anonymous_2)
FN:25,(anonymous_3)
FNF:2
FNH:0
FNDA:0,(anonymous_2)
FNDA:0,(anonymous_3)
DA:1,0
DA:9,0
DA:10,0
DA:12,0
DA:15,0
DA:18,0
DA:25,0
DA:29,0
DA:34,0
DA:39,0
DA:44,0
LF:11
LH:0
BRF:0
BRH:0
end_of_record
TN:
SF:src/admin/dto/ban-user.dto.ts
FNF:0
FNH:0
DA:1,0
DA:2,0
DA:4,0
DA:9,0
LF:4
LH:0
BRF:0
BRH:0
end_of_record
TN:
SF:src/admin/dto/creator-event-moderation-response.dto.ts
FNF:0
FNH:0
DA:1,0
DA:9,0
DA:11,0
DA:14,0
DA:18,0
DA:22,0
DA:25,0
DA:28,0
DA:30,0
DA:33,0
DA:36,0
DA:39,0
DA:42,0
DA:44,0
DA:47,0
DA:50,0
DA:53,0
DA:56,0
DA:59,0
DA:61,0
DA:64,0
DA:67,0
DA:70,0
DA:73,0
DA:76,0
DA:79,0
DA:83,0
DA:87,0
DA:90,0
DA:93,0
DA:96,0
DA:98,0
DA:101,0
DA:104,0
DA:107,0
LF:35
LH:0
BRF:0
BRH:0
end_of_record
TN:
SF:src/admin/dto/date-range-query.dto.ts
FNF:0
FNH:0
DA:1,0
DA:2,0
DA:4,0
DA:8,0
DA:13,0
LF:5
LH:0
BRF:0
BRH:0
end_of_record
TN:
SF:src/admin/dto/fee-stats-response.dto.ts
FNF:0
FNH:0
DA:1,0
DA:5,0
DA:8,0
DA:11,0
DA:14,0
DA:17,0
DA:20,0
DA:22,0
DA:25,0
DA:28,0
DA:31,0
DA:34,0
DA:37,0
DA:40,0
DA:43,0
LF:15
LH:0
BRDA:17,0,0,0
BRDA:17,0,1,0
BRDA:17,1,0,0
BRDA:17,1,1,0
BRF:4
BRH:0
end_of_record
TN:
SF:src/admin/dto/list-creator-events-query.dto.ts
FN:10,(anonymous_2)
FN:18,(anonymous_3)
FN:25,(anonymous_4)
FNF:3
FNH:0
FNDA:0,(anonymous_2)
FNDA:0,(anonymous_3)
FNDA:0,(anonymous_4)
DA:1,0
DA:10,0
DA:11,0
DA:12,0
DA:13,0
DA:14,0
DA:15,0
DA:18,0
DA:19,0
DA:20,0
DA:21,0
DA:22,0
DA:25,0
DA:26,0
DA:27,0
DA:30,0
DA:33,0
DA:37,0
DA:42,0
DA:48,0
DA:52,0
DA:56,0
LF:22
LH:0
BRDA:10,0,0,0
BRDA:10,0,1,0
BRDA:18,1,0,0
BRDA:18,1,1,0
BRDA:25,2,0,0
BRDA:25,2,1,0
BRF:6
BRH:0
end_of_record
TN:
SF:src/admin/dto/list-users-query.dto.ts
FN:16,(anonymous_2)
FN:26,(anonymous_3)
FNF:2
FNH:0
FNDA:0,(anonymous_2)
FNDA:0,(anonymous_3)
DA:1,0
DA:9,0
DA:10,0
DA:11,0
DA:13,0
DA:16,0
DA:19,0
DA:26,0
DA:30,0
DA:35,0
DA:40,0
DA:45,0
DA:50,0
LF:13
LH:0
BRDA:40,0,0,0
BRDA:40,0,1,0
BRDA:40,1,0,0
BRDA:40,1,1,0
BRF:4
BRH:0
end_of_record
TN:
SF:src/admin/dto/list-verified-addresses-query.dto.ts
FN:8,(anonymous_2)
FN:19,(anonymous_3)
FNF:2
FNH:0
FNDA:0,(anonymous_2)
FNDA:0,(anonymous_3)
DA:1,0
DA:2,0
DA:3,0
DA:5,0
DA:8,0
DA:11,0
DA:19,0
DA:23,0
DA:30,0
LF:9
LH:0
BRF:0
BRH:0
end_of_record
TN:
SF:src/admin/dto/moderate-comment.dto.ts
FNF:0
FNH:0
DA:1,0
DA:2,0
DA:4,0
DA:9,0
DA:14,0
LF:5
LH:0
BRF:0
BRH:0
end_of_record
TN:
SF:src/admin/dto/report-query.dto.ts
FN:4,(anonymous_2)
FN:10,(anonymous_3)
FNF:2
FNH:0
FNDA:0,(anonymous_2)
FNDA:0,(anonymous_3)
DA:1,0
DA:2,0
DA:4,0
DA:5,0
DA:6,0
DA:7,0
DA:10,0
DA:11,0
DA:12,0
DA:15,0
DA:21,0
DA:31,0
LF:12
LH:0
BRDA:4,0,0,0
BRDA:4,0,1,0
BRDA:10,1,0,0
BRDA:10,1,1,0
BRF:4
BRH:0
end_of_record
TN:
SF:src/admin/dto/resolve-market.dto.ts
FNF:0
FNH:0
DA:1,0
DA:2,0
DA:4,0
DA:8,0
DA:16,0
LF:5
LH:0
BRF:0
BRH:0
end_of_record
TN:
SF:src/admin/dto/stats-response.dto.ts
FNF:0
FNH:0
DA:1,0
DA:3,0
DA:5,0
DA:8,0
DA:11,0
DA:14,0
DA:17,0
DA:20,0
DA:23,0
DA:26,0
DA:29,0
DA:32,0
DA:35,0
LF:13
LH:0
BRF:0
BRH:0
end_of_record
TN:
SF:src/admin/dto/update-user-role.dto.ts
FNF:0
FNH:0
DA:1,0
DA:2,0
DA:3,0
DA:5,0
DA:12,0
LF:5
LH:0
BRDA:12,0,0,0
BRDA:12,0,1,0
BRDA:12,1,0,0
BRDA:12,1,1,0
BRF:4
BRH:0
end_of_record
TN:
SF:src/admin/entities/verified-address.entity.ts
FNF:0
FNH:0
DA:1,0
DA:8,0
DA:12,0
DA:15,0
DA:19,0
DA:23,0
DA:27,0
DA:31,0
LF:8
LH:0
BRDA:31,0,0,0
BRDA:31,0,1,0
BRDA:31,1,0,0
BRDA:31,1,1,0
BRF:4
BRH:0
end_of_record
TN:
SF:src/analytics/analytics.controller.ts
FN:23,(anonymous_4)
FN:35,(anonymous_5)
FN:49,(anonymous_6)
FN:83,(anonymous_7)
FN:108,(anonymous_8)
FN:126,(anonymous_9)
FNF:6
FNH:0
FNDA:0,(anonymous_4)
FNDA:0,(anonymous_5)
FNDA:0,(anonymous_6)
FNDA:0,(anonymous_7)
FNDA:0,(anonymous_8)
FNDA:0,(anonymous_9)
DA:1,0
DA:2,0
DA:3,0
DA:10,0
DA:11,0
DA:12,0
DA:13,0
DA:14,0
DA:15,0
DA:16,0
DA:17,0
DA:18,0
DA:22,0
DA:23,0
DA:35,0
DA:36,0
DA:49,0
DA:52,0
DA:83,0
DA:89,0
DA:108,0
DA:112,0
DA:126,0
DA:127,0
LF:24
LH:0
BRDA:35,0,0,0
BRDA:35,0,1,0
BRDA:35,1,0,0
BRDA:35,1,1,0
BRDA:35,2,0,0
BRDA:35,2,1,0
BRDA:35,3,0,0
BRDA:35,3,1,0
BRDA:51,4,0,0
BRDA:51,4,1,0
BRDA:51,5,0,0
BRDA:51,5,1,0
BRDA:88,6,0,0
BRDA:88,6,1,0
BRDA:88,7,0,0
BRDA:88,7,1,0
BRDA:111,8,0,0
BRDA:111,8,1,0
BRDA:111,9,0,0
BRDA:111,9,1,0
BRDA:126,10,0,0
BRDA:126,10,1,0
BRDA:126,11,0,0
BRDA:126,11,1,0
BRDA:23,12,0,0
BRDA:23,12,1,0
BRDA:23,13,0,0
BRDA:23,13,1,0
BRF:28
BRH:0
end_of_record
TN:
SF:src/analytics/analytics.module.ts
FNF:0
FNH:0
DA:1,0
DA:2,0
DA:3,0
DA:4,0
DA:5,0
DA:6,0
DA:7,0
DA:8,0
DA:9,0
DA:10,0
DA:11,0
DA:29,0
LF:12
LH:0
BRF:0
BRH:0
end_of_record
TN:
SF:src/analytics/analytics.service.ts
FN:27,predictorTierFromReputation
FN:34,accuracyRateFromUser
FN:43,(anonymous_6)
FN:58,(anonymous_7)
FN:73,(anonymous_8)
FN:123,(anonymous_9)
FN:137,(anonymous_10)
FN:152,(anonymous_11)
FN:156,(anonymous_12)
FN:164,(anonymous_13)
FN:197,(anonymous_14)
FN:240,(anonymous_15)
FN:246,(anonymous_16)
FN:256,(anonymous_17)
FN:262,(anonymous_18)
FN:266,(anonymous_19)
FN:272,(anonymous_20)
FN:291,(anonymous_21)
FN:320,(anonymous_22)
FN:329,(anonymous_23)
FN:333,(anonymous_24)
FN:348,(anonymous_25)
FN:353,(anonymous_26)
FN:369,(anonymous_27)
FN:373,(anonymous_28)
FN:384,(anonymous_29)
FN:390,(anonymous_30)
FN:406,(anonymous_31)
FN:414,(anonymous_32)
FN:435,(anonymous_33)
FN:449,(anonymous_34)
FN:462,(anonymous_35)
FN:483,(anonymous_36)
FN:487,(anonymous_37)
FN:505,(anonymous_38)
FN:516,(anonymous_39)
FNF:36
FNH:0
FNDA:0,predictorTierFromReputation
FNDA:0,accuracyRateFromUser
FNDA:0,(anonymous_6)
FNDA:0,(anonymous_7)
FNDA:0,(anonymous_8)
FNDA:0,(anonymous_9)
FNDA:0,(anonymous_10)
FNDA:0,(anonymous_11)
FNDA:0,(anonymous_12)
FNDA:0,(anonymous_13)
FNDA:0,(anonymous_14)
FNDA:0,(anonymous_15)
FNDA:0,(anonymous_16)
FNDA:0,(anonymous_17)
FNDA:0,(anonymous_18)
FNDA:0,(anonymous_19)
FNDA:0,(anonymous_20)
FNDA:0,(anonymous_21)
FNDA:0,(anonymous_22)
FNDA:0,(anonymous_23)
FNDA:0,(anonymous_24)
FNDA:0,(anonymous_25)
FNDA:0,(anonymous_26)
FNDA:0,(anonymous_27)
FNDA:0,(anonymous_28)
FNDA:0,(anonymous_29)
FNDA:0,(anonymous_30)
FNDA:0,(anonymous_31)
FNDA:0,(anonymous_32)
FNDA:0,(anonymous_33)
FNDA:0,(anonymous_34)
FNDA:0,(anonymous_35)
FNDA:0,(anonymous_36)
FNDA:0,(anonymous_37)
FNDA:0,(anonymous_38)
FNDA:0,(anonymous_39)
DA:1,0
DA:2,0
DA:3,0
DA:4,0
DA:5,0
DA:6,0
DA:7,0
DA:8,0
DA:9,0
DA:27,0
DA:28,0
DA:29,0
DA:30,0
DA:31,0
DA:34,0
DA:35,0
DA:36,0
DA:40,0
DA:41,0
DA:45,0
DA:47,0
DA:49,0
DA:51,0
DA:53,0
DA:55,0
DA:64,0
DA:70,0
DA:74,0
DA:77,0
DA:78,0
DA:81,0
DA:88,0
DA:96,0
DA:107,0
DA:109,0
DA:111,0
DA:124,0
DA:125,0
DA:126,0
DA:127,0
DA:128,0
DA:129,0
DA:131,0
DA:138,0
DA:142,0
DA:143,0
DA:146,0
DA:150,0
DA:152,0
DA:153,0
DA:156,0
DA:157,0
DA:158,0
DA:161,0
DA:162,0
DA:166,0
DA:167,0
DA:174,0
DA:175,0
DA:176,0
DA:181,0
DA:185,0
DA:203,0
DA:204,0
DA:209,0
DA:213,0
DA:214,0
DA:217,0
DA:221,0
DA:222,0
DA:224,0
DA:225,0
DA:226,0
DA:229,0
DA:230,0
DA:233,0
DA:235,0
DA:237,0
DA:240,0
DA:246,0
DA:257,0
DA:261,0
DA:262,0
DA:263,0
DA:266,0
DA:267,0
DA:268,0
DA:271,0
DA:272,0
DA:273,0
DA:276,0
DA:285,0
DA:296,0
DA:298,0
DA:302,0
DA:303,0
DA:306,0
DA:307,0
DA:309,0
DA:319,0
DA:320,0
DA:323,0
DA:324,0
DA:325,0
DA:327,0
DA:329,0
DA:330,0
DA:333,0
DA:334,0
DA:337,0
DA:349,0
DA:350,0
DA:351,0
DA:353,0
DA:354,0
DA:355,0
DA:356,0
DA:357,0
DA:359,0
DA:366,0
DA:370,0
DA:371,0
DA:373,0
DA:374,0
DA:375,0
DA:381,0
DA:387,0
DA:388,0
DA:390,0
DA:391,0
DA:392,0
DA:393,0
DA:394,0
DA:396,0
DA:403,0
DA:409,0
DA:414,0
DA:415,0
DA:416,0
DA:422,0
DA:423,0
DA:424,0
DA:425,0
DA:427,0
DA:428,0
DA:429,0
DA:432,0
DA:435,0
DA:450,0
DA:452,0
DA:462,0
DA:463,0
DA:464,0
DA:471,0
DA:472,0
DA:473,0
DA:475,0
DA:476,0
DA:478,0
DA:481,0
DA:485,0
DA:487,0
DA:492,0
DA:494,0
DA:504,0
DA:506,0
DA:507,0
DA:508,0
DA:509,0
DA:510,0
DA:517,0
DA:518,0
DA:519,0
LF:173
LH:0
BRDA:28,0,0,0
BRDA:28,0,1,0
BRDA:29,1,0,0
BRDA:29,1,1,0
BRDA:30,2,0,0
BRDA:30,2,1,0
BRDA:35,3,0,0
BRDA:35,3,1,0
BRDA:77,4,0,0
BRDA:77,4,1,0
BRDA:114,5,0,0
BRDA:114,5,1,0
BRDA:127,6,0,0
BRDA:127,6,1,0
BRDA:128,7,0,0
BRDA:128,7,1,0
BRDA:142,8,0,0
BRDA:142,8,1,0
BRDA:157,9,0,0
BRDA:157,9,1,0
BRDA:166,10,0,0
BRDA:166,10,1,0
BRDA:203,11,0,0
BRDA:203,11,1,0
BRDA:213,12,0,0
BRDA:213,12,1,0
BRDA:221,13,0,0
BRDA:221,13,1,0
BRDA:229,14,0,0
BRDA:229,14,1,0
BRDA:245,15,0,0
BRDA:245,15,1,0
BRDA:267,16,0,0
BRDA:267,16,1,0
BRDA:273,17,0,0
BRDA:273,17,1,0
BRDA:293,18,0,0
BRDA:296,19,0,0
BRDA:296,19,1,0
BRDA:302,20,0,0
BRDA:302,20,1,0
BRDA:312,21,0,0
BRDA:312,21,1,0
BRDA:330,22,0,0
BRDA:330,22,1,0
BRDA:330,23,0,0
BRDA:330,23,1,0
BRDA:334,24,0,0
BRDA:334,24,1,0
BRDA:334,25,0,0
BRDA:334,25,1,0
BRDA:343,26,0,0
BRDA:343,26,1,0
BRDA:344,27,0,0
BRDA:344,27,1,0
BRDA:354,28,0,0
BRDA:354,28,1,0
BRDA:356,29,0,0
BRDA:356,29,1,0
BRDA:361,30,0,0
BRDA:361,30,1,0
BRDA:391,31,0,0
BRDA:391,31,1,0
BRDA:392,32,0,0
BRDA:392,32,1,0
BRDA:393,33,0,0
BRDA:393,33,1,0
BRDA:415,34,0,0
BRDA:415,34,1,0
BRDA:416,35,0,0
BRDA:416,35,1,0
BRDA:422,36,0,0
BRDA:422,36,1,0
BRDA:424,37,0,0
BRDA:424,37,1,0
BRDA:427,38,0,0
BRDA:427,38,1,0
BRDA:428,39,0,0
BRDA:428,39,1,0
BRDA:438,40,0,0
BRDA:438,40,1,0
BRDA:463,41,0,0
BRDA:463,41,1,0
BRDA:464,42,0,0
BRDA:464,42,1,0
BRDA:472,43,0,0
BRDA:472,43,1,0
BRDA:472,44,0,0
BRDA:472,44,1,0
BRDA:475,45,0,0
BRDA:475,45,1,0
BRDA:485,46,0,0
BRDA:485,46,1,0
BRDA:508,47,0,0
BRDA:508,47,1,0
BRDA:509,48,0,0
BRDA:509,48,1,0
BRDA:517,49,0,0
BRDA:517,49,1,0
BRDA:45,50,0,0
BRDA:45,50,1,0
BRDA:45,51,0,0
BRDA:45,51,1,0
BRDA:45,52,0,0
BRDA:45,52,1,0
BRDA:45,53,0,0
BRDA:45,53,1,0
BRDA:47,54,0,0
BRDA:47,54,1,0
BRDA:47,55,0,0
BRDA:47,55,1,0
BRDA:49,56,0,0
BRDA:49,56,1,0
BRDA:49,57,0,0
BRDA:49,57,1,0
BRDA:51,58,0,0
BRDA:51,58,1,0
BRDA:51,59,0,0
BRDA:51,59,1,0
BRDA:53,60,0,0
BRDA:53,60,1,0
BRDA:53,61,0,0
BRDA:53,61,1,0
BRF:123
BRH:0
end_of_record
TN:
SF:src/analytics/dto/category-analytics.dto.ts
FNF:0
FNH:0
DA:1,0
DA:10,0
LF:2
LH:0
BRF:0
BRH:0
end_of_record
TN:
SF:src/analytics/dto/dashboard-kpis.dto.ts
FNF:0
FNH:0
DA:1,0
DA:3,0
DA:5,0
DA:11,0
DA:14,0
DA:20,0
DA:23,0
DA:29,0
DA:32,0
DA:35,0
LF:10
LH:0
BRF:0
BRH:0
end_of_record
TN:
SF:src/analytics/dto/market-analytics.dto.ts
FN:25,(anonymous_2)
FNF:1
FNH:0
FNDA:0,(anonymous_2)
DA:1,0
DA:3,0
DA:5,0
DA:8,0
DA:11,0
DA:14,0
DA:16,0
DA:19,0
DA:22,0
DA:25,0
DA:26,0
DA:29,0
LF:12
LH:0
BRF:0
BRH:0
end_of_record
TN:
SF:src/analytics/dto/market-history.dto.ts
FNF:0
FNH:0
DA:1,0
DA:3,0
DA:5,0
DA:8,0
DA:11,0
DA:14,0
DA:17,0
DA:20,0
DA:22,0
DA:25,0
DA:28,0
DA:31,0
LF:12
LH:0
BRDA:5,0,0,0
BRDA:5,0,1,0
BRDA:5,1,0,0
BRDA:5,1,1,0
BRDA:31,2,0,0
BRDA:31,2,1,0
BRDA:31,3,0,0
BRDA:31,3,1,0
BRF:8
BRH:0
end_of_record
TN:
SF:src/analytics/dto/user-trends.dto.ts
FNF:0
FNH:0
DA:1,0
DA:6,0
DA:13,0
LF:3
LH:0
BRF:0
BRH:0
end_of_record
TN:
SF:src/analytics/entities/activity-log.entity.ts
FN:19,(anonymous_2)
FNF:1
FNH:0
FNDA:0,(anonymous_2)
DA:1,0
DA:9,0
DA:12,0
DA:14,0
DA:17,0
DA:19,0
DA:21,0
DA:24,0
DA:27,0
DA:30,0
DA:33,0
LF:11
LH:0
BRDA:21,0,0,0
BRDA:21,0,1,0
BRDA:21,1,0,0
BRDA:21,1,1,0
BRDA:33,2,0,0
BRDA:33,2,1,0
BRDA:33,3,0,0
BRDA:33,3,1,0
BRF:8
BRH:0
end_of_record
TN:
SF:src/analytics/entities/market-history.entity.ts
FN:19,(anonymous_2)
FNF:1
FNH:0
FNDA:0,(anonymous_2)
DA:1,0
DA:10,0
DA:15,0
DA:17,0
DA:19,0
DA:21,0
DA:24,0
DA:27,0
DA:30,0
DA:33,0
DA:36,0
DA:39,0
LF:12
LH:0
BRDA:21,0,0,0
BRDA:21,0,1,0
BRDA:21,1,0,0
BRDA:21,1,1,0
BRDA:24,2,0,0
BRDA:24,2,1,0
BRDA:24,3,0,0
BRDA:24,3,1,0
BRDA:39,4,0,0
BRDA:39,4,1,0
BRDA:39,5,0,0
BRDA:39,5,1,0
BRF:12
BRH:0
end_of_record
TN:
SF:src/auth/auth.controller.ts
FN:29,(anonymous_4)
FN:36,(anonymous_5)
FN:45,(anonymous_6)
FN:56,(anonymous_7)
FN:76,(anonymous_8)
FNF:5
FNH:0
FNDA:0,(anonymous_4)
FNDA:0,(anonymous_5)
FNDA:0,(anonymous_6)
FNDA:0,(anonymous_7)
FNDA:0,(anonymous_8)
DA:1,0
DA:9,0
DA:10,0
DA:11,0
DA:12,0
DA:13,0
DA:14,0
DA:15,0
DA:16,0
DA:22,0
DA:23,0
DA:28,0
DA:30,0
DA:31,0
DA:36,0
DA:37,0
DA:40,0
DA:45,0
DA:46,0
DA:56,0
DA:57,0
DA:62,0
DA:76,0
DA:79,0
LF:24
LH:0
BRDA:36,0,0,0
BRDA:36,0,1,0
BRDA:36,1,0,0
BRDA:36,1,1,0
BRDA:45,2,0,0
BRDA:45,2,1,0
BRDA:45,3,0,0
BRDA:45,3,1,0
BRDA:56,4,0,0
BRDA:56,4,1,0
BRDA:56,5,0,0
BRDA:56,5,1,0
BRDA:77,6,0,0
BRDA:77,6,1,0
BRDA:77,7,0,0
BRDA:77,7,1,0
BRDA:78,8,0,0
BRDA:78,8,1,0
BRDA:78,9,0,0
BRDA:78,9,1,0
BRDA:30,10,0,0
BRDA:30,10,1,0
BRDA:30,11,0,0
BRDA:30,11,1,0
BRDA:30,12,0,0
BRDA:30,12,1,0
BRDA:30,13,0,0
BRDA:30,13,1,0
BRF:28
BRH:0
end_of_record
TN:
SF:src/auth/auth.module.ts
FN:20,(anonymous_1)
FNF:1
FNH:0
FNDA:0,(anonymous_1)
DA:1,0
DA:2,0
DA:3,0
DA:4,0
DA:5,0
DA:6,0
DA:7,0
DA:8,0
DA:9,0
DA:10,0
DA:20,0
DA:32,0
LF:12
LH:0
BRF:0
BRH:0
end_of_record
TN:
SF:src/auth/auth.service.ts
FN:18,(anonymous_4)
FN:24,(anonymous_5)
FN:43,(anonymous_6)
FN:55,(anonymous_7)
FN:59,(anonymous_8)
FN:72,(anonymous_9)
FN:124,(anonymous_10)
FN:144,(anonymous_11)
FN:161,(anonymous_12)
FNF:9
FNH:0
FNDA:0,(anonymous_4)
FNDA:0,(anonymous_5)
FNDA:0,(anonymous_6)
FNDA:0,(anonymous_7)
FNDA:0,(anonymous_8)
FNDA:0,(anonymous_9)
FNDA:0,(anonymous_10)
FNDA:0,(anonymous_11)
FNDA:0,(anonymous_12)
DA:1,0
DA:2,0
DA:3,0
DA:4,0
DA:5,0
DA:6,0
DA:7,0
DA:10,0
DA:11,0
DA:15,0
DA:16,0
DA:19,0
DA:21,0
DA:25,0
DA:26,0
DA:27,0
DA:29,0
DA:33,0
DA:38,0
DA:40,0
DA:44,0
DA:45,0
DA:47,0
DA:48,0
DA:49,0
DA:52,0
DA:56,0
DA:63,0
DA:66,0
DA:67,0
DA:69,0
DA:76,0
DA:79,0
DA:80,0
DA:81,0
DA:82,0
DA:87,0
DA:89,0
DA:92,0
DA:93,0
DA:94,0
DA:98,0
DA:104,0
DA:106,0
DA:107,0
DA:111,0
DA:114,0
DA:115,0
DA:116,0
DA:117,0
DA:119,0
DA:120,0
DA:125,0
DA:126,0
DA:127,0
DA:132,0
DA:135,0
DA:149,0
DA:150,0
DA:151,0
DA:152,0
DA:153,0
DA:154,0
DA:156,0
DA:157,0
DA:162,0
DA:163,0
DA:164,0
DA:165,0
LF:69
LH:0
BRDA:45,0,0,0
BRDA:45,0,1,0
BRDA:47,1,0,0
BRDA:47,1,1,0
BRDA:80,2,0,0
BRDA:80,2,1,0
BRDA:92,3,0,0
BRDA:92,3,1,0
BRDA:106,4,0,0
BRDA:106,4,1,0
BRDA:115,5,0,0
BRDA:115,5,1,0
BRDA:127,6,0,0
BRDA:127,6,1,0
BRDA:128,7,0,0
BRDA:128,7,1,0
BRDA:128,7,2,0
BRDA:164,8,0,0
BRDA:164,8,1,0
BRDA:19,9,0,0
BRDA:19,9,1,0
BRDA:19,10,0,0
BRDA:19,10,1,0
BRDA:19,11,0,0
BRDA:19,11,1,0
BRDA:19,12,0,0
BRDA:19,12,1,0
BRF:27
BRH:0
end_of_record
TN:
SF:src/auth/rate-limit.service.ts
FN:11,(anonymous_4)
FN:22,(anonymous_5)
FNF:2
FNH:0
FNDA:0,(anonymous_4)
FNDA:0,(anonymous_5)
DA:1,0
DA:2,0
DA:6,0
DA:7,0
DA:10,0
DA:13,0
DA:23,0
DA:25,0
DA:26,0
DA:27,0
DA:35,0
DA:38,0
DA:41,0
DA:42,0
DA:44,0
LF:15
LH:0
BRDA:13,0,0,0
BRDA:13,0,1,0
BRDA:13,1,0,0
BRDA:13,1,1,0
BRF:4
BRH:0
end_of_record
TN:
SF:src/auth/dto/generate-challenge.dto.ts
FNF:0
FNH:0
DA:1,0
DA:3,0
DA:6,0
LF:3
LH:0
BRF:0
BRH:0
end_of_record
TN:
SF:src/auth/dto/rate-limit-status.dto.ts
FNF:0
FNH:0
DA:1,0
DA:3,0
DA:8,0
DA:14,0
DA:20,0
LF:5
LH:0
BRDA:20,0,0,0
BRDA:20,0,1,0
BRDA:20,1,0,0
BRDA:20,1,1,0
BRF:4
BRH:0
end_of_record
TN:
SF:src/auth/dto/verify-challenge.dto.ts
FNF:0
FNH:0
DA:1,0
DA:3,0
DA:6,0
DA:10,0
LF:4
LH:0
BRF:0
BRH:0
end_of_record
TN:
SF:src/auth/dto/verify-wallet.dto.ts
FNF:0
FNH:0
DA:1,0
DA:2,0
DA:4,0
DA:11,0
DA:19,0
DA:27,0
LF:6
LH:0
BRF:0
BRH:0
end_of_record
TN:
SF:src/auth/strategies/jwt.strategy.ts
FN:18,(anonymous_4)
FN:29,(anonymous_5)
FNF:2
FNH:0
FNDA:0,(anonymous_4)
FNDA:0,(anonymous_5)
DA:1,0
DA:2,0
DA:3,0
DA:4,0
DA:5,0
DA:6,0
DA:7,0
DA:17,0
DA:20,0
DA:22,0
DA:30,0
DA:31,0
DA:32,0
DA:34,0
LF:14
LH:0
BRDA:31,0,0,0
BRDA:31,0,1,0
BRDA:19,1,0,0
BRDA:19,1,1,0
BRDA:19,2,0,0
BRDA:19,2,1,0
BRDA:19,3,0,0
BRDA:19,3,1,0
BRDA:19,4,0,0
BRDA:19,4,1,0
BRF:10
BRH:0
end_of_record
TN:
SF:src/common/common.module.ts
FN:13,(anonymous_1)
FNF:1
FNH:0
FNDA:0,(anonymous_1)
DA:1,0
DA:2,0
DA:3,0
DA:4,0
DA:5,0
DA:13,0
DA:24,0
LF:7
LH:0
BRF:0
BRH:0
end_of_record
TN:
SF:src/common/filtering.service.ts
FN:4,(anonymous_1)
FN:9,(anonymous_2)
FN:79,(anonymous_3)
FN:121,(anonymous_4)
FN:156,(anonymous_5)
FN:160,(anonymous_6)
FN:189,(anonymous_7)
FN:198,(anonymous_8)
FN:199,(anonymous_9)
FN:223,(anonymous_10)
FN:232,(anonymous_11)
FN:239,(anonymous_12)
FN:255,(anonymous_13)
FN:281,(anonymous_14)
FN:297,(anonymous_15)
FN:303,(anonymous_16)
FN:306,(anonymous_17)
FN:311,(anonymous_18)
FN:327,(anonymous_19)
FN:343,(anonymous_20)
FN:359,(anonymous_21)
FNF:21
FNH:0
FNDA:0,(anonymous_1)
FNDA:0,(anonymous_2)
FNDA:0,(anonymous_3)
FNDA:0,(anonymous_4)
FNDA:0,(anonymous_5)
FNDA:0,(anonymous_6)
FNDA:0,(anonymous_7)
FNDA:0,(anonymous_8)
FNDA:0,(anonymous_9)
FNDA:0,(anonymous_10)
FNDA:0,(anonymous_11)
FNDA:0,(anonymous_12)
FNDA:0,(anonymous_13)
FNDA:0,(anonymous_14)
FNDA:0,(anonymous_15)
FNDA:0,(anonymous_16)
FNDA:0,(anonymous_17)
FNDA:0,(anonymous_18)
FNDA:0,(anonymous_19)
FNDA:0,(anonymous_20)
FNDA:0,(anonymous_21)
DA:1,0
DA:2,0
DA:4,0
DA:5,0
DA:6,0
DA:9,0
DA:10,0
DA:11,0
DA:12,0
DA:13,0
DA:75,0
DA:78,0
DA:83,0
DA:84,0
DA:85,0
DA:87,0
DA:89,0
DA:90,0
DA:91,0
DA:92,0
DA:94,0
DA:95,0
DA:100,0
DA:101,0
DA:102,0
DA:108,0
DA:109,0
DA:110,0
DA:117,0
DA:118,0
DA:119,0
DA:120,0
DA:121,0
DA:126,0
DA:127,0
DA:128,0
DA:129,0
DA:131,0
DA:132,0
DA:137,0
DA:138,0
DA:139,0
DA:145,0
DA:146,0
DA:147,0
DA:154,0
DA:155,0
DA:156,0
DA:157,0
DA:160,0
DA:161,0
DA:164,0
DA:165,0
DA:171,0
DA:172,0
DA:173,0
DA:174,0
DA:182,0
DA:194,0
DA:196,0
DA:197,0
DA:199,0
DA:200,0
DA:201,0
DA:202,0
DA:205,0
DA:206,0
DA:207,0
DA:210,0
DA:216,0
DA:217,0
DA:220,0
DA:228,0
DA:229,0
DA:230,0
DA:232,0
DA:233,0
DA:235,0
DA:236,0
DA:239,0
DA:240,0
DA:241,0
DA:242,0
DA:243,0
DA:246,0
DA:249,0
DA:259,0
DA:260,0
DA:263,0
DA:264,0
DA:265,0
DA:268,0
DA:269,0
DA:270,0
DA:275,0
DA:286,0
DA:288,0
DA:289,0
DA:294,0
DA:298,0
DA:299,0
DA:302,0
DA:303,0
DA:304,0
DA:306,0
DA:315,0
DA:316,0
DA:319,0
DA:320,0
DA:321,0
DA:324,0
DA:331,0
DA:332,0
DA:335,0
DA:336,0
DA:337,0
DA:340,0
DA:344,0
DA:345,0
DA:348,0
DA:349,0
DA:352,0
DA:353,0
DA:356,0
DA:360,0
DA:361,0
DA:368,0
DA:413,0
DA:443,0
LF:129
LH:0
BRDA:4,0,0,0
BRDA:4,0,1,0
BRDA:9,1,0,0
BRDA:9,1,1,0
BRDA:84,2,0,0
BRDA:84,2,1,0
BRDA:89,3,0,0
BRDA:89,3,1,0
BRDA:94,4,0,0
BRDA:94,4,1,0
BRDA:94,5,0,0
BRDA:94,5,1,0
BRDA:94,5,2,0
BRDA:100,6,0,0
BRDA:100,6,1,0
BRDA:108,7,0,0
BRDA:108,7,1,0
BRDA:118,8,0,0
BRDA:118,8,1,0
BRDA:121,9,0,0
BRDA:121,9,1,0
BRDA:126,10,0,0
BRDA:126,10,1,0
BRDA:131,11,0,0
BRDA:131,11,1,0
BRDA:131,12,0,0
BRDA:131,12,1,0
BRDA:131,12,2,0
BRDA:137,13,0,0
BRDA:137,13,1,0
BRDA:145,14,0,0
BRDA:145,14,1,0
BRDA:154,15,0,0
BRDA:154,15,1,0
BRDA:160,16,0,0
BRDA:160,16,1,0
BRDA:160,17,0,0
BRDA:160,17,1,0
BRDA:171,18,0,0
BRDA:171,18,1,0
BRDA:196,19,0,0
BRDA:196,19,1,0
BRDA:200,20,0,0
BRDA:200,20,1,0
BRDA:205,21,0,0
BRDA:205,21,1,0
BRDA:216,22,0,0
BRDA:216,22,1,0
BRDA:228,23,0,0
BRDA:228,23,1,0
BRDA:235,24,0,0
BRDA:235,24,1,0
BRDA:240,25,0,0
BRDA:240,25,1,0
BRDA:259,26,0,0
BRDA:259,26,1,0
BRDA:264,27,0,0
BRDA:264,27,1,0
BRDA:264,28,0,0
BRDA:264,28,1,0
BRDA:268,29,0,0
BRDA:268,29,1,0
BRDA:269,30,0,0
BRDA:269,30,1,0
BRDA:269,31,0,0
BRDA:269,31,1,0
BRDA:288,32,0,0
BRDA:288,32,1,0
BRDA:288,33,0,0
BRDA:288,33,1,0
BRDA:298,34,0,0
BRDA:298,34,1,0
BRDA:302,35,0,0
BRDA:302,35,1,0
BRDA:315,36,0,0
BRDA:315,36,1,0
BRDA:319,37,0,0
BRDA:319,37,1,0
BRDA:320,38,0,0
BRDA:320,38,1,0
BRDA:331,39,0,0
BRDA:331,39,1,0
BRDA:336,40,0,0
BRDA:336,40,1,0
BRDA:344,41,0,0
BRDA:344,41,1,0
BRDA:348,42,0,0
BRDA:348,42,1,0
BRDA:352,43,0,0
BRDA:352,43,1,0
BRDA:360,44,0,0
BRDA:360,44,1,0
BRF:92
BRH:0
end_of_record
TN:
SF:src/common/decorators/current-user.decorator.ts
FN:6,(anonymous_0)
FNF:1
FNH:0
FNDA:0,(anonymous_0)
DA:1,0
DA:5,0
DA:7,0
DA:8,0
LF:4
LH:0
BRF:0
BRH:0
end_of_record
TN:
SF:src/common/decorators/public.decorator.ts
FN:4,(anonymous_0)
FNF:1
FNH:0
FNDA:0,(anonymous_0)
DA:1,0
DA:3,0
DA:4,0
LF:3
LH:0
BRF:0
BRH:0
end_of_record
TN:
SF:src/common/decorators/roles.decorator.ts
FN:5,(anonymous_0)
FNF:1
FNH:0
FNDA:0,(anonymous_0)
DA:1,0
DA:4,0
DA:5,0
LF:3
LH:0
BRF:0
BRH:0
end_of_record
TN:
SF:src/common/enums/role.enum.ts
FN:1,(anonymous_0)
FNF:1
FNH:0
FNDA:0,(anonymous_0)
DA:1,0
DA:2,0
DA:3,0
DA:4,0
LF:4
LH:0
BRDA:1,0,0,0
BRDA:1,0,1,0
BRF:2
BRH:0
end_of_record
TN:
SF:src/common/filters/http-exception.filter.ts
FN:16,(anonymous_1)
FNF:1
FNH:0
FNDA:0,(anonymous_1)
DA:1,0
DA:10,0
DA:13,0
DA:14,0
DA:17,0
DA:18,0
DA:19,0
DA:21,0
DA:22,0
DA:23,0
DA:25,0
DA:26,0
DA:27,0
DA:29,0
DA:30,0
DA:31,0
DA:32,0
DA:33,0
DA:34,0
DA:35,0
DA:37,0
DA:39,0
DA:40,0
DA:42,0
DA:44,0
DA:45,0
DA:46,0
DA:47,0
DA:48,0
DA:49,0
DA:51,0
DA:52,0
DA:54,0
DA:57,0
DA:58,0
DA:59,0
DA:65,0
LF:37
LH:0
BRDA:25,0,0,0
BRDA:25,0,1,0
BRDA:29,1,0,0
BRDA:29,1,1,0
BRDA:29,2,0,0
BRDA:29,2,1,0
BRDA:32,3,0,0
BRDA:32,3,1,0
BRDA:34,4,0,0
BRDA:34,4,1,0
BRDA:39,5,0,0
BRDA:39,5,1,0
BRDA:45,6,0,0
BRDA:45,6,1,0
BRDA:47,7,0,0
BRDA:47,7,1,0
BRDA:57,8,0,0
BRDA:57,8,1,0
BRDA:61,9,0,0
BRDA:61,9,1,0
BRF:20
BRH:0
end_of_record
TN:
SF:src/common/guards/ban.guard.ts
FN:18,(anonymous_1)
FNF:1
FNH:0
FNDA:0,(anonymous_1)
DA:1,0
DA:17,0
DA:21,0
DA:22,0
DA:24,0
DA:25,0
DA:30,0
LF:7
LH:0
BRDA:24,0,0,0
BRDA:24,0,1,0
BRDA:24,1,0,0
BRDA:24,1,1,0
BRDA:26,2,0,0
BRDA:26,2,1,0
BRF:6
BRH:0
end_of_record
TN:
SF:src/common/guards/jwt-auth.guard.ts
FN:13,(anonymous_2)
FN:17,(anonymous_3)
FN:30,(anonymous_4)
FNF:3
FNH:0
FNDA:0,(anonymous_2)
FNDA:0,(anonymous_3)
FNDA:0,(anonymous_4)
DA:1,0
DA:6,0
DA:7,0
DA:8,0
DA:9,0
DA:12,0
DA:13,0
DA:14,0
DA:18,0
DA:23,0
DA:24,0
DA:27,0
DA:35,0
DA:36,0
DA:39,0
DA:40,0
DA:43,0
LF:17
LH:0
BRDA:23,0,0,0
BRDA:23,0,1,0
BRDA:35,1,0,0
BRDA:35,1,1,0
BRDA:39,2,0,0
BRDA:39,2,1,0
BRDA:39,3,0,0
BRDA:39,3,1,0
BRDA:39,3,2,0
BRDA:13,4,0,0
BRDA:13,4,1,0
BRDA:13,5,0,0
BRDA:13,5,1,0
BRF:13
BRH:0
end_of_record
TN:
SF:src/common/guards/roles.guard.ts
FN:8,(anonymous_2)
FN:10,(anonymous_3)
FN:27,(anonymous_4)
FNF:3
FNH:0
FNDA:0,(anonymous_2)
FNDA:0,(anonymous_3)
FNDA:0,(anonymous_4)
DA:1,0
DA:2,0
DA:4,0
DA:7,0
DA:8,0
DA:11,0
DA:17,0
DA:18,0
DA:21,0
DA:24,0
DA:27,0
LF:11
LH:0
BRDA:17,0,0,0
BRDA:17,0,1,0
BRDA:8,1,0,0
BRDA:8,1,1,0
BRDA:8,2,0,0
BRDA:8,2,1,0
BRF:6
BRH:0
end_of_record
TN:
SF:src/common/interceptors/activity-logging.interceptor.ts
FN:21,(anonymous_2)
FN:23,(anonymous_3)
FN:28,(anonymous_4)
FN:45,(anonymous_5)
FN:60,(anonymous_6)
FNF:5
FNH:0
FNDA:0,(anonymous_2)
FNDA:0,(anonymous_3)
FNDA:0,(anonymous_4)
FNDA:0,(anonymous_5)
FNDA:0,(anonymous_6)
DA:1,0
DA:8,0
DA:9,0
DA:20,0
DA:21,0
DA:24,0
DA:25,0
DA:27,0
DA:29,0
DA:31,0
DA:32,0
DA:33,0
DA:46,0
DA:47,0
DA:48,0
DA:49,0
DA:50,0
DA:51,0
DA:52,0
DA:53,0
DA:54,0
DA:55,0
DA:56,0
DA:57,0
DA:63,0
DA:64,0
DA:65,0
DA:66,0
LF:28
LH:0
BRDA:29,0,0,0
BRDA:29,0,1,0
BRDA:29,1,0,0
BRDA:29,1,1,0
BRDA:32,2,0,0
BRDA:32,2,1,0
BRDA:46,3,0,0
BRDA:46,3,1,0
BRDA:46,4,0,0
BRDA:46,4,1,0
BRDA:47,5,0,0
BRDA:47,5,1,0
BRDA:47,6,0,0
BRDA:47,6,1,0
BRDA:49,7,0,0
BRDA:49,7,1,0
BRDA:49,8,0,0
BRDA:49,8,1,0
BRDA:51,9,0,0
BRDA:51,9,1,0
BRDA:51,10,0,0
BRDA:51,10,1,0
BRDA:53,11,0,0
BRDA:53,11,1,0
BRDA:53,12,0,0
BRDA:53,12,1,0
BRDA:55,13,0,0
BRDA:55,13,1,0
BRDA:55,14,0,0
BRDA:55,14,1,0
BRDA:63,15,0,0
BRDA:63,15,1,0
BRDA:21,16,0,0
BRDA:21,16,1,0
BRDA:21,17,0,0
BRDA:21,17,1,0
BRF:36
BRH:0
end_of_record
TN:
SF:src/common/interceptors/response.interceptor.ts
FN:22,(anonymous_1)
FN:27,(anonymous_2)
FNF:2
FNH:0
FNDA:0,(anonymous_1)
FNDA:0,(anonymous_2)
DA:1,0
DA:9,0
DA:18,0
DA:21,0
DA:23,0
DA:24,0
DA:26,0
DA:28,0
DA:29,0
DA:31,0
DA:32,0
DA:34,0
DA:39,0
LF:13
LH:0
BRDA:28,0,0,0
BRDA:28,0,1,0
BRDA:31,1,0,0
BRDA:31,1,1,0
BRF:4
BRH:0
end_of_record
TN:
SF:src/competitions/competitions.controller.ts
FN:42,(anonymous_4)
FN:58,(anonymous_5)
FN:69,(anonymous_6)
FN:80,(anonymous_7)
FN:96,(anonymous_8)
FN:115,(anonymous_9)
FN:141,(anonymous_10)
FN:171,(anonymous_11)
FNF:8
FNH:0
FNDA:0,(anonymous_4)
FNDA:0,(anonymous_5)
FNDA:0,(anonymous_6)
FNDA:0,(anonymous_7)
FNDA:0,(anonymous_8)
FNDA:0,(anonymous_9)
FNDA:0,(anonymous_10)
FNDA:0,(anonymous_11)
DA:1,0
DA:14,0
DA:15,0
DA:21,0
DA:22,0
DA:23,0
DA:27,0
DA:31,0
DA:32,0
DA:33,0
DA:34,0
DA:35,0
DA:36,0
DA:37,0
DA:41,0
DA:42,0
DA:58,0
DA:62,0
DA:69,0
DA:72,0
DA:80,0
DA:81,0
DA:82,0
DA:83,0
DA:85,0
DA:96,0
DA:100,0
DA:115,0
DA:119,0
DA:141,0
DA:145,0
DA:149,0
DA:171,0
DA:175,0
DA:176,0
LF:35
LH:0
BRDA:82,0,0,0
BRDA:82,0,1,0
BRDA:59,1,0,0
BRDA:59,1,1,0
BRDA:59,2,0,0
BRDA:59,2,1,0
BRDA:59,3,0,0
BRDA:59,3,1,0
BRDA:59,4,0,0
BRDA:59,4,1,0
BRDA:61,5,0,0
BRDA:61,5,1,0
BRDA:61,6,0,0
BRDA:61,6,1,0
BRDA:70,7,0,0
BRDA:70,7,1,0
BRDA:70,8,0,0
BRDA:70,8,1,0
BRDA:71,9,0,0
BRDA:71,9,1,0
BRDA:71,10,0,0
BRDA:71,10,1,0
BRDA:80,11,0,0
BRDA:80,11,1,0
BRDA:80,12,0,0
BRDA:80,12,1,0
BRDA:98,13,0,0
BRDA:98,13,1,0
BRDA:98,14,0,0
BRDA:98,14,1,0
BRDA:99,15,0,0
BRDA:99,15,1,0
BRDA:99,16,0,0
BRDA:99,16,1,0
BRDA:117,17,0,0
BRDA:117,17,1,0
BRDA:117,18,0,0
BRDA:117,18,1,0
BRDA:118,19,0,0
BRDA:118,19,1,0
BRDA:118,20,0,0
BRDA:118,20,1,0
BRDA:143,21,0,0
BRDA:143,21,1,0
BRDA:143,22,0,0
BRDA:143,22,1,0
BRDA:144,23,0,0
BRDA:144,23,1,0
BRDA:144,24,0,0
BRDA:144,24,1,0
BRDA:173,25,0,0
BRDA:173,25,1,0
BRDA:173,26,0,0
BRDA:173,26,1,0
BRDA:174,27,0,0
BRDA:174,27,1,0
BRDA:174,28,0,0
BRDA:174,28,1,0
BRDA:42,29,0,0
BRDA:42,29,1,0
BRDA:42,30,0,0
BRDA:42,30,1,0
BRF:62
BRH:0
end_of_record
TN:
SF:src/competitions/competitions.module.ts
FNF:0
FNH:0
DA:1,0
DA:2,0
DA:3,0
DA:4,0
DA:5,0
DA:6,0
DA:7,0
DA:18,0
LF:8
LH:0
BRF:0
BRH:0
end_of_record
TN:
SF:src/competitions/competitions.service.ts
FN:36,(anonymous_4)
FN:43,(anonymous_5)
FN:64,(anonymous_6)
FN:75,(anonymous_7)
FN:103,(anonymous_8)
FN:122,(anonymous_9)
FN:150,(anonymous_10)
FN:167,(anonymous_11)
FN:177,(anonymous_12)
FN:205,(anonymous_13)
FN:218,(anonymous_14)
FN:225,(anonymous_15)
FN:290,(anonymous_16)
FN:352,(anonymous_17)
FN:372,(anonymous_18)
FNF:15
FNH:0
FNDA:0,(anonymous_4)
FNDA:0,(anonymous_5)
FNDA:0,(anonymous_6)
FNDA:0,(anonymous_7)
FNDA:0,(anonymous_8)
FNDA:0,(anonymous_9)
FNDA:0,(anonymous_10)
FNDA:0,(anonymous_11)
FNDA:0,(anonymous_12)
FNDA:0,(anonymous_13)
FNDA:0,(anonymous_14)
FNDA:0,(anonymous_15)
FNDA:0,(anonymous_16)
FNDA:0,(anonymous_17)
FNDA:0,(anonymous_18)
DA:1,0
DA:7,0
DA:8,0
DA:9,0
DA:13,0
DA:15,0
DA:29,0
DA:30,0
DA:34,0
DA:38,0
DA:40,0
DA:45,0
DA:49,0
DA:61,0
DA:65,0
DA:76,0
DA:77,0
DA:78,0
DA:80,0
DA:85,0
DA:86,0
DA:90,0
DA:91,0
DA:96,0
DA:101,0
DA:103,0
DA:119,0
DA:127,0
DA:129,0
DA:134,0
DA:139,0
DA:144,0
DA:146,0
DA:154,0
DA:155,0
DA:158,0
DA:159,0
DA:160,0
DA:161,0
DA:163,0
DA:168,0
DA:169,0
DA:171,0
DA:172,0
DA:174,0
DA:181,0
DA:185,0
DA:186,0
DA:191,0
DA:192,0
DA:193,0
DA:195,0
DA:205,0
DA:215,0
DA:219,0
DA:229,0
DA:230,0
DA:231,0
DA:232,0
DA:235,0
DA:239,0
DA:240,0
DA:245,0
DA:249,0
DA:250,0
DA:258,0
DA:270,0
DA:275,0
DA:279,0
DA:286,0
DA:287,0
DA:294,0
DA:298,0
DA:299,0
DA:305,0
DA:306,0
DA:307,0
DA:311,0
DA:318,0
DA:319,0
DA:323,0
DA:324,0
DA:328,0
DA:329,0
DA:334,0
DA:340,0
DA:343,0
DA:349,0
DA:353,0
DA:357,0
DA:358,0
DA:364,0
DA:365,0
DA:366,0
DA:372,0
DA:373,0
DA:380,0
DA:381,0
DA:386,0
DA:388,0
LF:100
LH:0
BRDA:45,0,0,0
BRDA:45,0,1,0
BRDA:55,1,0,0
BRDA:55,1,1,0
BRDA:57,2,0,0
BRDA:57,2,1,0
BRDA:76,3,0,0
BRDA:76,4,0,0
BRDA:85,5,0,0
BRDA:85,5,1,0
BRDA:90,6,0,0
BRDA:90,6,1,0
BRDA:127,7,0,0
BRDA:127,7,1,0
BRDA:127,7,2,0
BRDA:127,7,3,0
BRDA:127,7,4,0
BRDA:154,8,0,0
BRDA:154,8,1,0
BRDA:158,9,0,0
BRDA:158,9,1,0
BRDA:160,10,0,0
BRDA:160,10,1,0
BRDA:160,11,0,0
BRDA:160,11,1,0
BRDA:168,12,0,0
BRDA:168,12,1,0
BRDA:171,13,0,0
BRDA:171,13,1,0
BRDA:185,14,0,0
BRDA:185,14,1,0
BRDA:191,15,0,0
BRDA:191,15,1,0
BRDA:192,16,0,0
BRDA:192,16,1,0
BRDA:208,17,0,0
BRDA:208,17,1,0
BRDA:209,18,0,0
BRDA:209,18,1,0
BRDA:211,19,0,0
BRDA:211,19,1,0
BRDA:231,20,0,0
BRDA:231,20,1,0
BRDA:231,21,0,0
BRDA:231,21,1,0
BRDA:239,22,0,0
BRDA:239,22,1,0
BRDA:249,23,0,0
BRDA:249,23,1,0
BRDA:275,24,0,0
BRDA:275,24,1,0
BRDA:298,25,0,0
BRDA:298,25,1,0
BRDA:306,26,0,0
BRDA:306,26,1,0
BRDA:318,27,0,0
BRDA:318,27,1,0
BRDA:323,28,0,0
BRDA:323,28,1,0
BRDA:328,29,0,0
BRDA:328,29,1,0
BRDA:357,30,0,0
BRDA:357,30,1,0
BRDA:365,31,0,0
BRDA:365,31,1,0
BRDA:380,32,0,0
BRDA:380,32,1,0
BRDA:38,33,0,0
BRDA:38,33,1,0
BRDA:38,34,0,0
BRDA:38,34,1,0
BRDA:38,35,0,0
BRDA:38,35,1,0
BRDA:38,36,0,0
BRDA:38,36,1,0
BRF:75
BRH:0
end_of_record
TN:
SF:src/competitions/dto/create-competition.dto.ts
FN:21,(anonymous_2)
FN:27,(anonymous_3)
FNF:2
FNH:0
FNDA:0,(anonymous_2)
FNDA:0,(anonymous_3)
DA:1,0
DA:16,0
DA:17,0
DA:20,0
DA:22,0
DA:23,0
DA:24,0
DA:28,0
DA:32,0
DA:37,0
DA:43,0
DA:47,0
DA:52,0
DA:56,0
DA:65,0
DA:72,0
LF:16
LH:0
BRDA:23,0,0,0
BRDA:23,0,1,0
BRDA:23,1,0,0
BRDA:23,1,1,0
BRDA:72,2,0,0
BRDA:72,2,1,0
BRDA:72,3,0,0
BRDA:72,3,1,0
BRF:8
BRH:0
end_of_record
TN:
SF:src/competitions/dto/join-competition.dto.ts
FNF:0
FNH:0
DA:1,0
DA:3,0
DA:5,0
DA:8,0
DA:11,0
LF:5
LH:0
BRF:0
BRH:0
end_of_record
TN:
SF:src/competitions/dto/leave-competition.dto.ts
FNF:0
FNH:0
DA:1,0
DA:3,0
DA:5,0
DA:8,0
LF:4
LH:0
BRF:0
BRH:0
end_of_record
TN:
SF:src/competitions/dto/list-competitions.dto.ts
FN:6,(anonymous_2)
FN:16,(anonymous_3)
FN:27,(anonymous_4)
FNF:3
FNH:0
FNDA:0,(anonymous_2)
FNDA:0,(anonymous_3)
FNDA:0,(anonymous_4)
DA:1,0
DA:2,0
DA:3,0
DA:4,0
DA:6,0
DA:7,0
DA:8,0
DA:9,0
DA:10,0
DA:13,0
DA:16,0
DA:19,0
DA:27,0
DA:31,0
DA:39,0
DA:47,0
DA:50,0
DA:52,0
DA:55,0
DA:58,0
DA:61,0
DA:64,0
DA:67,0
DA:70,0
DA:73,0
DA:76,0
DA:79,0
DA:82,0
DA:85,0
DA:88,0
DA:91,0
DA:93,0
DA:96,0
DA:99,0
DA:102,0
LF:35
LH:0
BRDA:6,0,0,0
BRDA:6,0,1,0
BRDA:47,1,0,0
BRDA:47,1,1,0
BRDA:47,2,0,0
BRDA:47,2,1,0
BRDA:61,3,0,0
BRDA:61,3,1,0
BRDA:61,4,0,0
BRDA:61,4,1,0
BRDA:64,5,0,0
BRDA:64,5,1,0
BRDA:64,6,0,0
BRDA:64,6,1,0
BRDA:73,7,0,0
BRDA:73,7,1,0
BRDA:73,8,0,0
BRDA:73,8,1,0
BRDA:88,9,0,0
BRDA:88,9,1,0
BRDA:88,10,0,0
BRDA:88,10,1,0
BRF:22
BRH:0
end_of_record
TN:
SF:src/competitions/dto/list-participants.dto.ts
FN:8,(anonymous_2)
FN:19,(anonymous_3)
FNF:2
FNH:0
FNDA:0,(anonymous_2)
FNDA:0,(anonymous_3)
DA:1,0
DA:2,0
DA:3,0
DA:5,0
DA:8,0
DA:11,0
DA:19,0
DA:23,0
DA:26,0
DA:28,0
DA:31,0
DA:34,0
DA:37,0
DA:40,0
DA:43,0
DA:46,0
DA:49,0
DA:51,0
DA:54,0
DA:57,0
DA:60,0
LF:21
LH:0
BRDA:46,0,0,0
BRDA:46,0,1,0
BRDA:46,1,0,0
BRDA:46,1,1,0
BRF:4
BRH:0
end_of_record
TN:
SF:src/competitions/dto/user-rank-response.dto.ts
FNF:0
FNH:0
DA:1,0
DA:3,0
DA:5,0
DA:8,0
DA:11,0
DA:14,0
LF:6
LH:0
BRF:0
BRH:0
end_of_record
TN:
SF:src/competitions/entities/competition-participant.entity.ts
FN:25,(anonymous_2)
FN:29,(anonymous_3)
FNF:2
FNH:0
FNDA:0,(anonymous_2)
FNDA:0,(anonymous_3)
DA:1,0
DA:10,0
DA:11,0
DA:15,0
DA:17,0
DA:20,0
DA:23,0
DA:25,0
DA:27,0
DA:29,0
DA:31,0
DA:34,0
DA:37,0
DA:40,0
LF:14
LH:0
BRDA:27,0,0,0
BRDA:27,0,1,0
BRDA:27,1,0,0
BRDA:27,1,1,0
BRDA:31,2,0,0
BRDA:31,2,1,0
BRDA:31,3,0,0
BRDA:31,3,1,0
BRDA:40,4,0,0
BRDA:40,4,1,0
BRDA:40,5,0,0
BRDA:40,5,1,0
BRF:12
BRH:0
end_of_record
TN:
SF:src/competitions/entities/competition.entity.ts
FN:13,(anonymous_2)
FN:65,(anonymous_3)
FNF:2
FNH:0
FNDA:0,(anonymous_2)
FNDA:0,(anonymous_3)
DA:1,0
DA:11,0
DA:13,0
DA:14,0
DA:15,0
DA:23,0
DA:25,0
DA:28,0
DA:31,0
DA:34,0
DA:37,0
DA:40,0
DA:43,0
DA:46,0
DA:49,0
DA:52,0
DA:60,0
DA:63,0
DA:65,0
DA:67,0
DA:70,0
DA:73,0
DA:76,0
LF:23
LH:0
BRDA:13,0,0,0
BRDA:13,0,1,0
BRDA:34,1,0,0
BRDA:34,1,1,0
BRDA:34,2,0,0
BRDA:34,2,1,0
BRDA:37,3,0,0
BRDA:37,3,1,0
BRDA:37,4,0,0
BRDA:37,4,1,0
BRDA:67,5,0,0
BRDA:67,5,1,0
BRDA:67,6,0,0
BRDA:67,6,1,0
BRDA:73,7,0,0
BRDA:73,7,1,0
BRDA:73,8,0,0
BRDA:73,8,1,0
BRDA:76,9,0,0
BRDA:76,9,1,0
BRDA:76,10,0,0
BRDA:76,10,1,0
BRF:22
BRH:0
end_of_record
TN:
SF:src/config/env.validation.ts
FN:11,(anonymous_2)
FN:48,validate
FN:59,(anonymous_4)
FNF:3
FNH:0
FNDA:0,(anonymous_2)
FNDA:0,validate
FNDA:0,(anonymous_4)
DA:1,0
DA:2,0
DA:11,0
DA:12,0
DA:13,0
DA:19,0
DA:25,0
DA:29,0
DA:34,0
DA:38,0
DA:42,0
DA:45,0
DA:48,0
DA:49,0
DA:53,0
DA:57,0
DA:58,0
DA:60,0
DA:63,0
DA:67,0
DA:72,0
LF:21
LH:0
BRDA:11,0,0,0
BRDA:11,0,1,0
BRDA:57,1,0,0
BRDA:57,1,1,0
BRDA:60,2,0,0
BRDA:60,2,1,0
BRF:6
BRH:0
end_of_record
TN:
SF:src/config/typeorm.config.ts
FNF:0
FNH:0
DA:1,0
DA:2,0
DA:4,0
DA:5,0
DA:7,0
DA:18,0
DA:20,0
LF:7
LH:0
BRF:0
BRH:0
end_of_record
TN:
SF:src/contract/contract.module.ts
FNF:0
FNH:0
DA:1,0
DA:2,0
DA:3,0
DA:11,0
LF:4
LH:0
BRF:0
BRH:0
end_of_record
TN:
SF:src/contract/contract.service.ts
FN:104,(anonymous_2)
FN:125,(anonymous_3)
FN:131,(anonymous_4)
FN:137,(anonymous_5)
FN:143,(anonymous_6)
FN:150,(anonymous_7)
FN:158,(anonymous_8)
FN:169,(anonymous_9)
FN:177,(anonymous_10)
FN:184,(anonymous_11)
FN:188,(anonymous_12)
FN:193,(anonymous_13)
FN:200,(anonymous_14)
FN:244,(anonymous_15)
FN:268,(anonymous_16)
FN:287,(anonymous_17)
FN:293,(anonymous_18)
FN:338,(anonymous_19)
FNF:18
FNH:0
FNDA:0,(anonymous_2)
FNDA:0,(anonymous_3)
FNDA:0,(anonymous_4)
FNDA:0,(anonymous_5)
FNDA:0,(anonymous_6)
FNDA:0,(anonymous_7)
FNDA:0,(anonymous_8)
FNDA:0,(anonymous_9)
FNDA:0,(anonymous_10)
FNDA:0,(anonymous_11)
FNDA:0,(anonymous_12)
FNDA:0,(anonymous_13)
FNDA:0,(anonymous_14)
FNDA:0,(anonymous_15)
FNDA:0,(anonymous_16)
FNDA:0,(anonymous_17)
FNDA:0,(anonymous_18)
FNDA:0,(anonymous_19)
DA:1,0
DA:2,0
DA:3,0
DA:96,0
DA:97,0
DA:104,0
DA:105,0
DA:107,0
DA:109,0
DA:113,0
DA:116,0
DA:120,0
DA:121,0
DA:126,0
DA:132,0
DA:138,0
DA:144,0
DA:147,0
DA:153,0
DA:162,0
DA:166,0
DA:170,0
DA:174,0
DA:178,0
DA:181,0
DA:185,0
DA:189,0
DA:190,0
DA:194,0
DA:197,0
DA:203,0
DA:204,0
DA:205,0
DA:208,0
DA:213,0
DA:214,0
DA:217,0
DA:219,0
DA:225,0
DA:247,0
DA:248,0
DA:249,0
DA:252,0
DA:257,0
DA:258,0
DA:261,0
DA:269,0
DA:270,0
DA:273,0
DA:276,0
DA:277,0
DA:279,0
DA:280,0
DA:281,0
DA:284,0
DA:285,0
DA:289,0
DA:293,0
DA:296,0
DA:297,0
DA:300,0
DA:303,0
DA:304,0
DA:312,0
DA:314,0
DA:315,0
DA:318,0
DA:322,0
DA:323,0
DA:324,0
DA:327,0
DA:329,0
DA:330,0
DA:331,0
DA:334,0
DA:335,0
DA:336,0
DA:338,0
DA:342,0
LF:79
LH:0
BRDA:106,0,0,0
BRDA:106,0,1,0
BRDA:108,1,0,0
BRDA:108,1,1,0
BRDA:110,2,0,0
BRDA:110,2,1,0
BRDA:114,3,0,0
BRDA:114,3,1,0
BRDA:120,4,0,0
BRDA:120,4,1,0
BRDA:147,5,0,0
BRDA:147,5,1,0
BRDA:166,6,0,0
BRDA:166,6,1,0
BRDA:174,7,0,0
BRDA:174,7,1,0
BRDA:181,8,0,0
BRDA:181,8,1,0
BRDA:190,9,0,0
BRDA:190,9,1,0
BRDA:197,10,0,0
BRDA:197,10,1,0
BRDA:204,11,0,0
BRDA:204,11,1,0
BRDA:213,12,0,0
BRDA:213,12,1,0
BRDA:217,13,0,0
BRDA:217,13,1,0
BRDA:217,13,2,0
BRDA:219,14,0,0
BRDA:219,14,1,0
BRDA:221,15,0,0
BRDA:221,15,1,0
BRDA:228,16,0,0
BRDA:228,16,1,0
BRDA:228,16,2,0
BRDA:230,17,0,0
BRDA:230,17,1,0
BRDA:230,17,2,0
BRDA:232,18,0,0
BRDA:232,18,1,0
BRDA:232,18,2,0
BRDA:235,19,0,0
BRDA:235,19,1,0
BRDA:235,19,2,0
BRDA:238,20,0,0
BRDA:238,20,1,0
BRDA:238,20,2,0
BRDA:240,21,0,0
BRDA:240,21,1,0
BRDA:240,21,2,0
BRDA:248,22,0,0
BRDA:248,22,1,0
BRDA:257,23,0,0
BRDA:257,23,1,0
BRDA:257,24,0,0
BRDA:257,24,1,0
BRDA:257,24,2,0
BRDA:262,25,0,0
BRDA:262,25,1,0
BRDA:263,26,0,0
BRDA:263,26,1,0
BRDA:264,27,0,0
BRDA:264,27,1,0
BRDA:269,28,0,0
BRDA:269,28,1,0
BRDA:296,29,0,0
BRDA:296,29,1,0
BRDA:314,30,0,0
BRDA:314,30,1,0
BRDA:323,31,0,0
BRDA:323,31,1,0
BRDA:330,32,0,0
BRDA:330,32,1,0
BRDA:334,33,0,0
BRDA:334,33,1,0
BRDA:104,34,0,0
BRDA:104,34,1,0
BRDA:104,35,0,0
BRDA:104,35,1,0
BRF:80
BRH:0
end_of_record
TN:
SF:src/creator-events/creator-events.controller.ts
FN:36,(anonymous_4)
FN:65,(anonymous_5)
FN:82,(anonymous_6)
FN:97,(anonymous_7)
FN:114,(anonymous_8)
FN:135,(anonymous_9)
FN:153,(anonymous_10)
FN:174,(anonymous_11)
FN:185,(anonymous_12)
FN:202,(anonymous_13)
FN:215,(anonymous_14)
FNF:11
FNH:0
FNDA:0,(anonymous_4)
FNDA:0,(anonymous_5)
FNDA:0,(anonymous_6)
FNDA:0,(anonymous_7)
FNDA:0,(anonymous_8)
FNDA:0,(anonymous_9)
FNDA:0,(anonymous_10)
FNDA:0,(anonymous_11)
FNDA:0,(anonymous_12)
FNDA:0,(anonymous_13)
FNDA:0,(anonymous_14)
DA:1,0
DA:10,0
DA:11,0
DA:18,0
DA:19,0
DA:20,0
DA:21,0
DA:22,0
DA:23,0
DA:24,0
DA:25,0
DA:26,0
DA:27,0
DA:28,0
DA:29,0
DA:30,0
DA:31,0
DA:35,0
DA:36,0
DA:65,0
DA:69,0
DA:82,0
DA:83,0
DA:97,0
DA:101,0
DA:114,0
DA:118,0
DA:135,0
DA:136,0
DA:153,0
DA:157,0
DA:174,0
DA:178,0
DA:184,0
DA:185,0
DA:202,0
DA:205,0
DA:214,0
DA:215,0
LF:39
LH:0
BRDA:67,0,0,0
BRDA:67,0,1,0
BRDA:67,1,0,0
BRDA:67,1,1,0
BRDA:99,2,0,0
BRDA:99,2,1,0
BRDA:99,3,0,0
BRDA:99,3,1,0
BRDA:116,4,0,0
BRDA:116,4,1,0
BRDA:116,5,0,0
BRDA:116,5,1,0
BRDA:135,6,0,0
BRDA:135,6,1,0
BRDA:135,7,0,0
BRDA:135,7,1,0
BRDA:156,8,0,0
BRDA:156,8,1,0
BRDA:156,9,0,0
BRDA:156,9,1,0
BRDA:177,10,0,0
BRDA:177,10,1,0
BRDA:177,11,0,0
BRDA:177,11,1,0
BRDA:36,12,0,0
BRDA:36,12,1,0
BRDA:36,13,0,0
BRDA:36,13,1,0
BRDA:204,14,0,0
BRDA:204,14,1,0
BRDA:204,15,0,0
BRDA:204,15,1,0
BRDA:185,16,0,0
BRDA:185,16,1,0
BRDA:185,17,0,0
BRDA:185,17,1,0
BRDA:215,18,0,0
BRDA:215,18,1,0
BRDA:215,19,0,0
BRDA:215,19,1,0
BRF:40
BRH:0
end_of_record
TN:
SF:src/creator-events/creator-events.module.ts
FNF:0
FNH:0
DA:1,0
DA:2,0
DA:3,0
DA:4,0
DA:5,0
DA:6,0
DA:11,0
DA:26,0
LF:8
LH:0
BRF:0
BRH:0
end_of_record
TN:
SF:src/creator-events/creator-events.service.ts
FN:73,(anonymous_4)
FN:79,(anonymous_5)
FN:104,(anonymous_6)
FN:135,(anonymous_7)
FN:146,(anonymous_8)
FN:162,(anonymous_9)
FN:173,(anonymous_10)
FN:180,(anonymous_11)
FN:206,(anonymous_12)
FN:223,(anonymous_13)
FN:243,(anonymous_14)
FN:257,(anonymous_15)
FN:270,(anonymous_16)
FN:276,(anonymous_17)
FN:295,(anonymous_18)
FN:317,(anonymous_19)
FN:331,(anonymous_20)
FN:338,(anonymous_21)
FN:374,(anonymous_22)
FN:375,(anonymous_23)
FN:379,(anonymous_24)
FN:399,(anonymous_25)
FN:411,(anonymous_26)
FN:415,(anonymous_27)
FN:437,(anonymous_28)
FN:441,(anonymous_29)
FN:468,(anonymous_30)
FN:483,(anonymous_31)
FN:485,(anonymous_32)
FN:495,(anonymous_33)
FN:535,(anonymous_34)
FN:542,(anonymous_35)
FN:554,(anonymous_36)
FN:561,(anonymous_37)
FN:575,(anonymous_38)
FN:583,(anonymous_39)
FN:612,(anonymous_40)
FN:632,(anonymous_41)
FN:643,(anonymous_42)
FN:651,(anonymous_43)
FN:658,(anonymous_44)
FN:664,(anonymous_45)
FN:670,(anonymous_46)
FN:671,(anonymous_47)
FN:684,(anonymous_48)
FN:685,(anonymous_49)
FN:688,(anonymous_50)
FNF:47
FNH:0
FNDA:0,(anonymous_4)
FNDA:0,(anonymous_5)
FNDA:0,(anonymous_6)
FNDA:0,(anonymous_7)
FNDA:0,(anonymous_8)
FNDA:0,(anonymous_9)
FNDA:0,(anonymous_10)
FNDA:0,(anonymous_11)
FNDA:0,(anonymous_12)
FNDA:0,(anonymous_13)
FNDA:0,(anonymous_14)
FNDA:0,(anonymous_15)
FNDA:0,(anonymous_16)
FNDA:0,(anonymous_17)
FNDA:0,(anonymous_18)
FNDA:0,(anonymous_19)
FNDA:0,(anonymous_20)
FNDA:0,(anonymous_21)
FNDA:0,(anonymous_22)
FNDA:0,(anonymous_23)
FNDA:0,(anonymous_24)
FNDA:0,(anonymous_25)
FNDA:0,(anonymous_26)
FNDA:0,(anonymous_27)
FNDA:0,(anonymous_28)
FNDA:0,(anonymous_29)
FNDA:0,(anonymous_30)
FNDA:0,(anonymous_31)
FNDA:0,(anonymous_32)
FNDA:0,(anonymous_33)
FNDA:0,(anonymous_34)
FNDA:0,(anonymous_35)
FNDA:0,(anonymous_36)
FNDA:0,(anonymous_37)
FNDA:0,(anonymous_38)
FNDA:0,(anonymous_39)
FNDA:0,(anonymous_40)
FNDA:0,(anonymous_41)
FNDA:0,(anonymous_42)
FNDA:0,(anonymous_43)
FNDA:0,(anonymous_44)
FNDA:0,(anonymous_45)
FNDA:0,(anonymous_46)
FNDA:0,(anonymous_47)
FNDA:0,(anonymous_48)
FNDA:0,(anonymous_49)
FNDA:0,(anonymous_50)
DA:1,0
DA:2,0
DA:3,0
DA:4,0
DA:11,0
DA:16,0
DA:22,0
DA:27,0
DA:39,0
DA:70,0
DA:71,0
DA:74,0
DA:76,0
DA:82,0
DA:83,0
DA:84,0
DA:86,0
DA:87,0
DA:97,0
DA:98,0
DA:100,0
DA:105,0
DA:116,0
DA:118,0
DA:119,0
DA:125,0
DA:126,0
DA:134,0
DA:136,0
DA:147,0
DA:149,0
DA:150,0
DA:153,0
DA:159,0
DA:162,0
DA:178,0
DA:180,0
DA:182,0
DA:188,0
DA:191,0
DA:201,0
DA:206,0
DA:207,0
DA:210,0
DA:211,0
DA:212,0
DA:214,0
DA:224,0
DA:226,0
DA:227,0
DA:230,0
DA:240,0
DA:249,0
DA:250,0
DA:251,0
DA:254,0
DA:256,0
DA:257,0
DA:258,0
DA:259,0
DA:261,0
DA:262,0
DA:264,0
DA:268,0
DA:270,0
DA:277,0
DA:279,0
DA:280,0
DA:283,0
DA:288,0
DA:289,0
DA:290,0
DA:291,0
DA:292,0
DA:295,0
DA:302,0
DA:321,0
DA:322,0
DA:323,0
DA:326,0
DA:331,0
DA:332,0
DA:334,0
DA:335,0
DA:337,0
DA:339,0
DA:340,0
DA:341,0
DA:342,0
DA:345,0
DA:346,0
DA:352,0
DA:353,0
DA:354,0
DA:355,0
DA:359,0
DA:374,0
DA:375,0
DA:377,0
DA:378,0
DA:379,0
DA:382,0
DA:386,0
DA:400,0
DA:401,0
DA:402,0
DA:405,0
DA:411,0
DA:412,0
DA:414,0
DA:417,0
DA:420,0
DA:433,0
DA:434,0
DA:436,0
DA:437,0
DA:439,0
DA:440,0
DA:441,0
DA:444,0
DA:449,0
DA:453,0
DA:472,0
DA:473,0
DA:474,0
DA:477,0
DA:483,0
DA:484,0
DA:485,0
DA:488,0
DA:489,0
DA:490,0
DA:492,0
DA:493,0
DA:494,0
DA:495,0
DA:497,0
DA:499,0
DA:500,0
DA:501,0
DA:504,0
DA:506,0
DA:510,0
DA:511,0
DA:513,0
DA:518,0
DA:522,0
DA:540,0
DA:542,0
DA:543,0
DA:545,0
DA:547,0
DA:549,0
DA:559,0
DA:561,0
DA:562,0
DA:564,0
DA:566,0
DA:568,0
DA:570,0
DA:576,0
DA:587,0
DA:589,0
DA:592,0
DA:595,0
DA:597,0
DA:600,0
DA:602,0
DA:605,0
DA:608,0
DA:617,0
DA:636,0
DA:644,0
DA:645,0
DA:647,0
DA:648,0
DA:651,0
DA:652,0
DA:659,0
DA:664,0
DA:671,0
DA:672,0
DA:680,0
DA:685,0
DA:689,0
LF:185
LH:0
BRDA:82,0,0,0
BRDA:82,0,1,0
BRDA:83,1,0,0
BRDA:83,1,1,0
BRDA:84,2,0,0
BRDA:84,2,1,0
BRDA:86,3,0,0
BRDA:86,3,1,0
BRDA:118,4,0,0
BRDA:118,4,1,0
BRDA:149,5,0,0
BRDA:149,5,1,0
BRDA:182,6,0,0
BRDA:182,6,1,0
BRDA:188,7,0,0
BRDA:188,7,1,0
BRDA:226,8,0,0
BRDA:226,8,1,0
BRDA:250,9,0,0
BRDA:250,9,1,0
BRDA:256,10,0,0
BRDA:256,10,1,0
BRDA:258,11,0,0
BRDA:258,11,1,0
BRDA:261,12,0,0
BRDA:261,12,1,0
BRDA:279,13,0,0
BRDA:279,13,1,0
BRDA:289,14,0,0
BRDA:289,14,1,0
BRDA:291,15,0,0
BRDA:291,15,1,0
BRDA:322,16,0,0
BRDA:322,16,1,0
BRDA:341,17,0,0
BRDA:341,17,1,0
BRDA:352,18,0,0
BRDA:352,18,1,0
BRDA:354,19,0,0
BRDA:354,19,1,0
BRDA:369,20,0,0
BRDA:369,20,1,0
BRDA:382,21,0,0
BRDA:382,21,1,0
BRDA:401,22,0,0
BRDA:401,22,1,0
BRDA:433,23,0,0
BRDA:433,23,1,0
BRDA:434,24,0,0
BRDA:434,24,1,0
BRDA:436,25,0,0
BRDA:436,25,1,0
BRDA:441,26,0,0
BRDA:441,26,1,0
BRDA:444,27,0,0
BRDA:444,27,1,0
BRDA:449,28,0,0
BRDA:449,28,1,0
BRDA:461,29,0,0
BRDA:461,29,1,0
BRDA:462,30,0,0
BRDA:462,30,1,0
BRDA:473,31,0,0
BRDA:473,31,1,0
BRDA:484,32,0,0
BRDA:484,32,1,0
BRDA:497,33,0,0
BRDA:497,33,1,0
BRDA:499,34,0,0
BRDA:499,34,1,0
BRDA:501,35,0,0
BRDA:501,35,1,0
BRDA:513,36,0,0
BRDA:513,36,1,0
BRDA:518,37,0,0
BRDA:518,37,1,0
BRDA:518,37,2,0
BRDA:540,38,0,0
BRDA:540,38,1,0
BRDA:543,39,0,0
BRDA:543,39,1,0
BRDA:543,39,2,0
BRDA:559,40,0,0
BRDA:559,40,1,0
BRDA:562,41,0,0
BRDA:562,41,1,0
BRDA:562,41,2,0
BRDA:562,41,3,0
BRDA:585,42,0,0
BRDA:587,43,0,0
BRDA:587,43,1,0
BRDA:587,43,2,0
BRDA:587,43,3,0
BRDA:587,43,4,0
BRDA:627,44,0,0
BRDA:627,44,1,0
BRDA:647,45,0,0
BRDA:647,45,1,0
BRDA:74,46,0,0
BRDA:74,46,1,0
BRDA:74,47,0,0
BRDA:74,47,1,0
BRDA:74,48,0,0
BRDA:74,48,1,0
BRDA:74,49,0,0
BRDA:74,49,1,0
BRF:106
BRH:0
end_of_record
TN:
SF:src/creator-events/dto/event-by-code-response.dto.ts
FNF:0
FNH:0
DA:1,0
DA:3,0
DA:5,0
DA:8,0
DA:11,0
DA:14,0
DA:17,0
DA:19,0
DA:22,0
DA:25,0
DA:28,0
DA:31,0
DA:34,0
DA:37,0
DA:43,0
DA:49,0
DA:52,0
DA:55,0
LF:18
LH:0
BRF:0
BRH:0
end_of_record
TN:
SF:src/creator-events/dto/event-response.dto.ts
FNF:0
FNH:0
DA:1,0
DA:3,0
DA:5,0
DA:8,0
DA:11,0
DA:14,0
DA:17,0
DA:20,0
DA:23,0
DA:26,0
DA:29,0
DA:32,0
DA:35,0
DA:38,0
DA:41,0
DA:55,0
DA:58,0
DA:63,0
DA:66,0
DA:69,0
DA:72,0
DA:75,0
LF:22
LH:0
BRDA:55,0,0,0
BRDA:55,0,1,0
BRDA:55,1,0,0
BRDA:55,1,1,0
BRF:4
BRH:0
end_of_record
TN:
SF:src/creator-events/dto/event-stats-response.dto.ts
FNF:0
FNH:0
DA:1,0
DA:3,0
DA:5,0
DA:8,0
DA:11,0
DA:14,0
DA:17,0
DA:20,0
DA:23,0
DA:26,0
DA:28,0
DA:31,0
DA:34,0
DA:37,0
DA:40,0
DA:45,0
DA:51,0
DA:54,0
DA:57,0
DA:62,0
DA:67,0
LF:21
LH:0
BRF:0
BRH:0
end_of_record
TN:
SF:src/creator-events/dto/leaderboard-query.dto.ts
FN:8,(anonymous_2)
FN:19,(anonymous_3)
FN:30,(anonymous_4)
FNF:3
FNH:0
FNDA:0,(anonymous_2)
FNDA:0,(anonymous_3)
FNDA:0,(anonymous_4)
DA:1,0
DA:2,0
DA:3,0
DA:5,0
DA:8,0
DA:11,0
DA:19,0
DA:23,0
DA:30,0
DA:33,0
LF:10
LH:0
BRF:0
BRH:0
end_of_record
TN:
SF:src/creator-events/dto/list-events-query.dto.ts
FN:5,(anonymous_2)
FN:12,(anonymous_3)
FN:18,(anonymous_4)
FN:26,(anonymous_5)
FN:33,(anonymous_6)
FNF:5
FNH:0
FNDA:0,(anonymous_2)
FNDA:0,(anonymous_3)
FNDA:0,(anonymous_4)
FNDA:0,(anonymous_5)
FNDA:0,(anonymous_6)
DA:1,0
DA:2,0
DA:3,0
DA:5,0
DA:6,0
DA:7,0
DA:8,0
DA:9,0
DA:12,0
DA:13,0
DA:14,0
DA:15,0
DA:18,0
DA:19,0
DA:20,0
DA:23,0
DA:26,0
DA:29,0
DA:33,0
DA:37,0
DA:46,0
DA:53,0
DA:60,0
DA:69,0
DA:78,0
LF:25
LH:0
BRDA:5,0,0,0
BRDA:5,0,1,0
BRDA:12,1,0,0
BRDA:12,1,1,0
BRDA:18,2,0,0
BRDA:18,2,1,0
BRF:6
BRH:0
end_of_record
TN:
SF:src/creator-events/dto/list-matches-query.dto.ts
FN:4,(anonymous_2)
FN:10,(anonymous_3)
FN:15,(anonymous_4)
FNF:3
FNH:0
FNDA:0,(anonymous_2)
FNDA:0,(anonymous_3)
FNDA:0,(anonymous_4)
DA:1,0
DA:2,0
DA:4,0
DA:5,0
DA:6,0
DA:7,0
DA:10,0
DA:11,0
DA:12,0
DA:15,0
DA:16,0
DA:17,0
DA:20,0
DA:28,0
DA:37,0
DA:46,0
LF:16
LH:0
BRDA:4,0,0,0
BRDA:4,0,1,0
BRDA:10,1,0,0
BRDA:10,1,1,0
BRDA:15,2,0,0
BRDA:15,2,1,0
BRF:6
BRH:0
end_of_record
TN:
SF:src/creator-events/dto/list-participants-query.dto.ts
FN:5,(anonymous_2)
FN:11,(anonymous_3)
FN:19,(anonymous_4)
FN:26,(anonymous_5)
FNF:4
FNH:0
FNDA:0,(anonymous_2)
FNDA:0,(anonymous_3)
FNDA:0,(anonymous_4)
FNDA:0,(anonymous_5)
DA:1,0
DA:2,0
DA:3,0
DA:5,0
DA:6,0
DA:7,0
DA:8,0
DA:11,0
DA:12,0
DA:13,0
DA:16,0
DA:19,0
DA:22,0
DA:26,0
DA:30,0
DA:38,0
DA:43,0
LF:17
LH:0
BRDA:5,0,0,0
BRDA:5,0,1,0
BRDA:11,1,0,0
BRDA:11,1,1,0
BRF:4
BRH:0
end_of_record
TN:
SF:src/creator-events/dto/search-events-query.dto.ts
FN:5,(anonymous_2)
FN:23,(anonymous_3)
FN:30,(anonymous_4)
FNF:3
FNH:0
FNDA:0,(anonymous_2)
FNDA:0,(anonymous_3)
FNDA:0,(anonymous_4)
DA:1,0
DA:2,0
DA:3,0
DA:5,0
DA:6,0
DA:7,0
DA:8,0
DA:9,0
DA:12,0
DA:19,0
DA:23,0
DA:26,0
DA:30,0
DA:34,0
DA:42,0
DA:50,0
LF:16
LH:0
BRDA:5,0,0,0
BRDA:5,0,1,0
BRF:2
BRH:0
end_of_record
TN:
SF:src/creator-events/dto/search-events-response.dto.ts
FNF:0
FNH:0
DA:1,0
DA:3,0
DA:5,0
DA:8,0
DA:11,0
DA:14,0
DA:16,0
DA:19,0
DA:22,0
DA:25,0
DA:28,0
DA:31,0
DA:34,0
DA:37,0
DA:40,0
DA:43,0
DA:46,0
DA:49,0
DA:51,0
DA:54,0
DA:57,0
DA:60,0
DA:63,0
DA:66,0
LF:24
LH:0
BRF:0
BRH:0
end_of_record
TN:
SF:src/creator-events/dto/user-event-response.dto.ts
FNF:0
FNH:0
DA:1,0
DA:3,0
DA:5,0
DA:8,0
DA:11,0
DA:14,0
DA:17,0
DA:20,0
DA:23,0
DA:26,0
DA:29,0
DA:32,0
DA:35,0
DA:40,0
DA:43,0
DA:46,0
DA:49,0
DA:54,0
DA:60,0
DA:63,0
DA:68,0
DA:71,0
DA:74,0
DA:77,0
DA:80,0
LF:25
LH:0
BRF:0
BRH:0
end_of_record
TN:
SF:src/creator-events/dto/user-events-query.dto.ts
FN:5,(anonymous_2)
FN:11,(anonymous_3)
FN:39,(anonymous_4)
FN:46,(anonymous_5)
FNF:4
FNH:0
FNDA:0,(anonymous_2)
FNDA:0,(anonymous_3)
FNDA:0,(anonymous_4)
FNDA:0,(anonymous_5)
DA:1,0
DA:2,0
DA:3,0
DA:5,0
DA:6,0
DA:7,0
DA:8,0
DA:11,0
DA:12,0
DA:13,0
DA:14,0
DA:15,0
DA:18,0
DA:26,0
DA:35,0
DA:39,0
DA:42,0
DA:46,0
DA:50,0
LF:19
LH:0
BRDA:5,0,0,0
BRDA:5,0,1,0
BRDA:11,1,0,0
BRDA:11,1,1,0
BRF:4
BRH:0
end_of_record
TN:
SF:src/creator-events/dto/user-predictions-response.dto.ts
FNF:0
FNH:0
DA:1,0
DA:3,0
DA:5,0
DA:8,0
DA:11,0
DA:14,0
DA:17,0
DA:19,0
DA:22,0
DA:25,0
DA:30,0
DA:36,0
DA:42,0
DA:45,0
DA:48,0
DA:50,0
DA:55,0
DA:58,0
DA:63,0
DA:66,0
DA:68,0
DA:71,0
DA:74,0
DA:77,0
LF:24
LH:0
BRF:0
BRH:0
end_of_record
TN:
SF:src/creator-events/dto/user-score-response.dto.ts
FNF:0
FNH:0
DA:1,0
DA:3,0
DA:5,0
DA:8,0
DA:11,0
DA:16,0
DA:21,0
DA:26,0
DA:29,0
DA:32,0
DA:37,0
LF:11
LH:0
BRF:0
BRH:0
end_of_record
TN:
SF:src/creator-events/dto/winners-query.dto.ts
FN:8,(anonymous_2)
FN:19,(anonymous_3)
FNF:2
FNH:0
FNDA:0,(anonymous_2)
FNDA:0,(anonymous_3)
DA:1,0
DA:2,0
DA:3,0
DA:5,0
DA:8,0
DA:11,0
DA:19,0
DA:23,0
LF:8
LH:0
BRF:0
BRH:0
end_of_record
TN:
SF:src/creator-events/entities/creator-event-match.entity.ts
FNF:0
FNH:0
DA:1,0
DA:8,0
DA:12,0
DA:15,0
DA:20,0
DA:25,0
DA:29,0
DA:33,0
DA:38,0
DA:42,0
DA:46,0
DA:50,0
DA:54,0
LF:13
LH:0
BRDA:38,0,0,0
BRDA:38,0,1,0
BRDA:38,1,0,0
BRDA:38,1,1,0
BRDA:54,2,0,0
BRDA:54,2,1,0
BRDA:54,3,0,0
BRDA:54,3,1,0
BRF:8
BRH:0
end_of_record
TN:
SF:src/creator-events/entities/creator-event-prediction.entity.ts
FNF:0
FNH:0
DA:1,0
DA:9,0
DA:15,0
DA:18,0
DA:23,0
DA:28,0
DA:33,0
DA:37,0
DA:41,0
DA:45,0
LF:10
LH:0
BRDA:45,0,0,0
BRDA:45,0,1,0
BRDA:45,1,0,0
BRDA:45,1,1,0
BRF:4
BRH:0
end_of_record
TN:
SF:src/creator-events/entities/creator-event-winner.entity.ts
FNF:0
FNH:0
DA:1,0
DA:8,0
DA:13,0
DA:16,0
DA:21,0
DA:26,0
DA:30,0
DA:34,0
DA:38,0
DA:42,0
DA:46,0
LF:11
LH:0
BRDA:38,0,0,0
BRDA:38,0,1,0
BRDA:38,1,0,0
BRDA:38,1,1,0
BRDA:42,2,0,0
BRDA:42,2,1,0
BRDA:42,3,0,0
BRDA:42,3,1,0
BRDA:46,4,0,0
BRDA:46,4,1,0
BRDA:46,5,0,0
BRDA:46,5,1,0
BRF:12
BRH:0
end_of_record
TN:
SF:src/creator-events/entities/creator-event.entity.ts
FNF:0
FNH:0
DA:1,0
DA:9,0
DA:12,0
DA:15,0
DA:20,0
DA:25,0
DA:29,0
DA:33,0
DA:37,0
DA:41,0
DA:45,0
DA:49,0
DA:53,0
DA:57,0
DA:61,0
DA:65,0
DA:69,0
DA:73,0
LF:18
LH:0
BRDA:61,0,0,0
BRDA:61,0,1,0
BRDA:61,1,0,0
BRDA:61,1,1,0
BRDA:69,2,0,0
BRDA:69,2,1,0
BRDA:69,3,0,0
BRDA:69,3,1,0
BRDA:73,4,0,0
BRDA:73,4,1,0
BRDA:73,5,0,0
BRDA:73,5,1,0
BRF:12
BRH:0
end_of_record
TN:
SF:src/creator-events/utils/prediction.util.ts
FN:11,normalizeContractPrediction
FN:16,(anonymous_1)
FN:50,resolveCorrectness
FNF:3
FNH:0
FNDA:0,normalizeContractPrediction
FNDA:0,(anonymous_1)
FNDA:0,resolveCorrectness
DA:11,0
DA:14,0
DA:16,0
DA:17,0
DA:18,0
DA:20,0
DA:21,0
DA:23,0
DA:26,0
DA:29,0
DA:30,0
DA:33,0
DA:34,0
DA:36,0
DA:37,0
DA:38,0
DA:41,0
DA:50,0
DA:55,0
DA:56,0
DA:59,0
DA:60,0
DA:63,0
LF:23
LH:0
BRDA:16,0,0,0
BRDA:17,1,0,0
BRDA:17,1,1,0
BRDA:20,2,0,0
BRDA:20,2,1,0
BRDA:27,3,0,0
BRDA:27,3,1,0
BRDA:27,3,2,0
BRDA:29,4,0,0
BRDA:29,4,1,0
BRDA:31,5,0,0
BRDA:31,5,1,0
BRDA:31,5,2,0
BRDA:33,6,0,0
BRDA:33,6,1,0
BRDA:33,6,2,0
BRDA:34,7,0,0
BRDA:34,7,1,0
BRDA:37,8,0,0
BRDA:37,8,1,0
BRDA:37,9,0,0
BRDA:37,9,1,0
BRDA:55,10,0,0
BRDA:55,10,1,0
BRDA:59,11,0,0
BRDA:59,11,1,0
BRDA:59,12,0,0
BRDA:59,12,1,0
BRF:28
BRH:0
end_of_record
TN:
SF:src/database/seeds/reset.ts
FN:20,reset
FNF:1
FNH:0
FNDA:0,reset
DA:1,0
DA:2,0
DA:4,0
DA:11,0
DA:21,0
DA:22,0
DA:23,0
DA:25,0
DA:27,0
DA:30,0
DA:39,0
DA:40,0
DA:41,0
DA:42,0
DA:44,0
DA:48,0
DA:49,0
DA:50,0
DA:52,0
DA:53,0
DA:55,0
DA:59,0
LF:22
LH:0
BRF:0
BRH:0
end_of_record
TN:
SF:src/database/seeds/seed.ts
FN:20,seed
FN:90,(anonymous_1)
FN:100,(anonymous_2)
FN:110,(anonymous_3)
FN:120,(anonymous_4)
FN:130,(anonymous_5)
FN:142,(anonymous_6)
FN:152,(anonymous_7)
FN:201,(anonymous_8)
FNF:9
FNH:0
FNDA:0,seed
FNDA:0,(anonymous_1)
FNDA:0,(anonymous_2)
FNDA:0,(anonymous_3)
FNDA:0,(anonymous_4)
FNDA:0,(anonymous_5)
FNDA:0,(anonymous_6)
FNDA:0,(anonymous_7)
FNDA:0,(anonymous_8)
DA:1,0
DA:2,0
DA:4,0
DA:11,0
DA:21,0
DA:22,0
DA:23,0
DA:25,0
DA:28,0
DA:88,0
DA:90,0
DA:100,0
DA:110,0
DA:120,0
DA:130,0
DA:142,0
DA:152,0
DA:162,0
DA:201,0
DA:206,0
DA:209,0
DA:210,0
DA:222,0
DA:225,0
DA:226,0
DA:240,0
DA:243,0
DA:244,0
DA:257,0
DA:260,0
DA:261,0
DA:274,0
DA:277,0
DA:278,0
DA:284,0
DA:287,0
DA:288,0
DA:294,0
DA:296,0
DA:297,0
DA:307,0
DA:308,0
DA:310,0
DA:314,0
LF:44
LH:0
BRDA:96,0,0,0
BRDA:96,0,1,0
BRDA:97,1,0,0
BRDA:97,1,1,0
BRDA:97,2,0,0
BRDA:97,2,1,0
BRDA:106,3,0,0
BRDA:106,3,1,0
BRDA:107,4,0,0
BRDA:107,4,1,0
BRDA:107,5,0,0
BRDA:107,5,1,0
BRDA:127,6,0,0
BRDA:127,6,1,0
BRDA:137,7,0,0
BRDA:137,7,1,0
BRF:16
BRH:0
end_of_record
TN:
SF:src/disputes/admin-disputes.controller.ts
FN:32,(anonymous_4)
FN:56,(anonymous_5)
FNF:2
FNH:0
FNDA:0,(anonymous_4)
FNDA:0,(anonymous_5)
DA:1,0
DA:10,0
DA:17,0
DA:18,0
DA:19,0
DA:20,0
DA:21,0
DA:22,0
DA:23,0
DA:24,0
DA:25,0
DA:31,0
DA:32,0
DA:56,0
DA:61,0
LF:15
LH:0
BRDA:58,0,0,0
BRDA:58,0,1,0
BRDA:58,1,0,0
BRDA:58,1,1,0
BRDA:58,2,0,0
BRDA:58,2,1,0
BRDA:58,3,0,0
BRDA:58,3,1,0
BRDA:60,4,0,0
BRDA:60,4,1,0
BRDA:60,5,0,0
BRDA:60,5,1,0
BRDA:32,6,0,0
BRDA:32,6,1,0
BRDA:32,7,0,0
BRDA:32,7,1,0
BRF:16
BRH:0
end_of_record
TN:
SF:src/disputes/disputes.controller.ts
FN:33,(anonymous_4)
FN:51,(anonymous_5)
FN:70,(anonymous_6)
FN:98,(anonymous_7)
FN:122,(anonymous_8)
FNF:5
FNH:0
FNDA:0,(anonymous_4)
FNDA:0,(anonymous_5)
FNDA:0,(anonymous_6)
FNDA:0,(anonymous_7)
FNDA:0,(anonymous_8)
DA:1,0
DA:12,0
DA:20,0
DA:21,0
DA:22,0
DA:23,0
DA:24,0
DA:25,0
DA:26,0
DA:32,0
DA:33,0
DA:51,0
DA:55,0
DA:70,0
DA:71,0
DA:98,0
DA:108,0
DA:109,0
DA:111,0
DA:122,0
DA:123,0
LF:21
LH:0
BRDA:108,0,0,0
BRDA:108,0,1,0
BRDA:109,1,0,0
BRDA:109,1,1,0
BRDA:52,2,0,0
BRDA:52,2,1,0
BRDA:52,3,0,0
BRDA:52,3,1,0
BRDA:52,4,0,0
BRDA:52,4,1,0
BRDA:52,5,0,0
BRDA:52,5,1,0
BRDA:54,6,0,0
BRDA:54,6,1,0
BRDA:54,7,0,0
BRDA:54,7,1,0
BRDA:70,8,0,0
BRDA:70,8,1,0
BRDA:70,9,0,0
BRDA:70,9,1,0
BRDA:101,10,0,0
BRDA:101,10,1,0
BRDA:101,11,0,0
BRDA:101,11,1,0
BRDA:102,12,0,0
BRDA:102,12,1,0
BRDA:102,13,0,0
BRDA:102,13,1,0
BRDA:122,14,0,0
BRDA:122,14,1,0
BRDA:122,15,0,0
BRDA:122,15,1,0
BRDA:33,16,0,0
BRDA:33,16,1,0
BRDA:33,17,0,0
BRDA:33,17,1,0
BRF:36
BRH:0
end_of_record
TN:
SF:src/disputes/disputes.module.ts
FNF:0
FNH:0
DA:1,0
DA:2,0
DA:3,0
DA:4,0
DA:5,0
DA:6,0
DA:7,0
DA:8,0
DA:9,0
DA:17,0
LF:10
LH:0
BRF:0
BRH:0
end_of_record
TN:
SF:src/disputes/disputes.service.ts
FN:25,(anonymous_4)
FN:36,(anonymous_5)
FN:90,(anonymous_6)
FN:100,(anonymous_7)
FN:127,(anonymous_8)
FN:142,(anonymous_9)
FN:158,(anonymous_10)
FN:169,(anonymous_11)
FN:200,(anonymous_12)
FN:218,(anonymous_13)
FN:248,(anonymous_14)
FN:290,(anonymous_15)
FNF:12
FNH:0
FNDA:0,(anonymous_4)
FNDA:0,(anonymous_5)
FNDA:0,(anonymous_6)
FNDA:0,(anonymous_7)
FNDA:0,(anonymous_8)
FNDA:0,(anonymous_9)
FNDA:0,(anonymous_10)
FNDA:0,(anonymous_11)
FNDA:0,(anonymous_12)
FNDA:0,(anonymous_13)
FNDA:0,(anonymous_14)
FNDA:0,(anonymous_15)
DA:1,0
DA:8,0
DA:9,0
DA:10,0
DA:17,0
DA:19,0
DA:22,0
DA:23,0
DA:27,0
DA:29,0
DA:30,0
DA:40,0
DA:41,0
DA:44,0
DA:48,0
DA:49,0
DA:52,0
DA:53,0
DA:59,0
DA:60,0
DA:62,0
DA:63,0
DA:67,0
DA:71,0
DA:72,0
DA:76,0
DA:83,0
DA:86,0
DA:91,0
DA:94,0
DA:105,0
DA:107,0
DA:108,0
DA:111,0
DA:114,0
DA:115,0
DA:116,0
DA:117,0
DA:118,0
DA:120,0
DA:123,0
DA:128,0
DA:132,0
DA:133,0
DA:136,0
DA:143,0
DA:148,0
DA:149,0
DA:152,0
DA:159,0
DA:179,0
DA:181,0
DA:189,0
DA:201,0
DA:205,0
DA:206,0
DA:209,0
DA:210,0
DA:212,0
DA:223,0
DA:224,0
DA:229,0
DA:233,0
DA:237,0
DA:241,0
DA:253,0
DA:254,0
DA:258,0
DA:259,0
DA:262,0
DA:265,0
DA:271,0
DA:275,0
DA:279,0
DA:283,0
DA:294,0
LF:76
LH:0
BRDA:48,0,0,0
BRDA:48,0,1,0
BRDA:52,1,0,0
BRDA:52,1,1,0
BRDA:62,2,0,0
BRDA:62,2,1,0
BRDA:71,3,0,0
BRDA:71,3,1,0
BRDA:107,4,0,0
BRDA:107,4,1,0
BRDA:116,5,0,0
BRDA:116,5,1,0
BRDA:132,6,0,0
BRDA:132,6,1,0
BRDA:148,7,0,0
BRDA:148,7,1,0
BRDA:170,8,0,0
BRDA:171,9,0,0
BRDA:179,10,0,0
BRDA:179,10,1,0
BRDA:205,11,0,0
BRDA:205,11,1,0
BRDA:205,12,0,0
BRDA:205,12,1,0
BRDA:258,13,0,0
BRDA:258,13,1,0
BRDA:27,14,0,0
BRDA:27,14,1,0
BRDA:27,15,0,0
BRDA:27,15,1,0
BRDA:27,16,0,0
BRDA:27,16,1,0
BRDA:27,17,0,0
BRDA:27,17,1,0
BRDA:29,18,0,0
BRDA:29,18,1,0
BRDA:29,19,0,0
BRDA:29,19,1,0
BRF:38
BRH:0
end_of_record
TN:
SF:src/disputes/dto/create-dispute.dto.ts
FNF:0
FNH:0
DA:1,0
DA:2,0
DA:4,0
DA:11,0
DA:22,0
LF:5
LH:0
BRF:0
BRH:0
end_of_record
TN:
SF:src/disputes/dto/resolve-dispute.dto.ts
FNF:0
FNH:0
DA:1,0
DA:8,0
DA:9,0
DA:11,0
DA:19,0
DA:30,0
LF:6
LH:0
BRDA:19,0,0,0
BRDA:19,0,1,0
BRDA:19,1,0,0
BRDA:19,1,1,0
BRF:4
BRH:0
end_of_record
TN:
SF:src/disputes/entities/dispute.entity.ts
FN:13,(anonymous_2)
FN:18,(anonymous_3)
FN:88,(anonymous_4)
FN:92,(anonymous_5)
FN:96,(anonymous_6)
FNF:5
FNH:0
FNDA:0,(anonymous_2)
FNDA:0,(anonymous_3)
FNDA:0,(anonymous_4)
FNDA:0,(anonymous_5)
FNDA:0,(anonymous_6)
DA:1,0
DA:10,0
DA:11,0
DA:13,0
DA:14,0
DA:15,0
DA:18,0
DA:19,0
DA:20,0
DA:28,0
DA:30,0
DA:34,0
DA:38,0
DA:41,0
DA:49,0
DA:56,0
DA:59,0
DA:63,0
DA:66,0
DA:74,0
DA:82,0
DA:85,0
DA:88,0
DA:90,0
DA:92,0
DA:94,0
DA:96,0
DA:98,0
LF:28
LH:0
BRDA:13,0,0,0
BRDA:13,0,1,0
BRDA:18,1,0,0
BRDA:18,1,1,0
BRDA:85,2,0,0
BRDA:85,2,1,0
BRDA:85,3,0,0
BRDA:85,3,1,0
BRDA:90,4,0,0
BRDA:90,4,1,0
BRDA:90,5,0,0
BRDA:90,5,1,0
BRDA:94,6,0,0
BRDA:94,6,1,0
BRDA:94,7,0,0
BRDA:94,7,1,0
BRF:16
BRH:0
end_of_record
TN:
SF:src/flags/flags.controller.ts
FN:32,(anonymous_4)
FN:43,(anonymous_5)
FN:80,(anonymous_6)
FNF:3
FNH:0
FNDA:0,(anonymous_4)
FNDA:0,(anonymous_5)
FNDA:0,(anonymous_6)
DA:1,0
DA:12,0
DA:19,0
DA:20,0
DA:21,0
DA:22,0
DA:23,0
DA:24,0
DA:25,0
DA:31,0
DA:32,0
DA:43,0
DA:47,0
DA:48,0
DA:50,0
DA:51,0
DA:52,0
DA:54,0
DA:55,0
DA:58,0
DA:80,0
DA:84,0
LF:22
LH:0
BRDA:50,0,0,0
BRDA:50,0,1,0
BRDA:51,1,0,0
BRDA:51,1,1,0
BRDA:54,2,0,0
BRDA:54,2,1,0
BRDA:44,3,0,0
BRDA:44,3,1,0
BRDA:44,4,0,0
BRDA:44,4,1,0
BRDA:44,5,0,0
BRDA:44,5,1,0
BRDA:44,6,0,0
BRDA:44,6,1,0
BRDA:46,7,0,0
BRDA:46,7,1,0
BRDA:46,8,0,0
BRDA:46,8,1,0
BRDA:81,9,0,0
BRDA:81,9,1,0
BRDA:81,10,0,0
BRDA:81,10,1,0
BRDA:81,11,0,0
BRDA:81,11,1,0
BRDA:81,12,0,0
BRDA:81,12,1,0
BRDA:32,13,0,0
BRDA:32,13,1,0
BRDA:32,14,0,0
BRDA:32,14,1,0
BRF:30
BRH:0
end_of_record
TN:
SF:src/flags/flags.module.ts
FNF:0
FNH:0
DA:1,0
DA:2,0
DA:3,0
DA:4,0
DA:5,0
DA:6,0
DA:7,0
DA:8,0
DA:16,0
LF:9
LH:0
BRF:0
BRH:0
end_of_record
TN:
SF:src/flags/flags.service.ts
FN:18,(anonymous_4)
FN:28,(anonymous_5)
FN:66,(anonymous_6)
FN:114,(anonymous_7)
FNF:4
FNH:0
FNDA:0,(anonymous_4)
FNDA:0,(anonymous_5)
FNDA:0,(anonymous_6)
FNDA:0,(anonymous_7)
DA:1,0
DA:6,0
DA:7,0
DA:8,0
DA:9,0
DA:10,0
DA:14,0
DA:17,0
DA:20,0
DA:22,0
DA:24,0
DA:25,0
DA:32,0
DA:35,0
DA:36,0
DA:39,0
DA:47,0
DA:48,0
DA:51,0
DA:56,0
DA:58,0
DA:63,0
DA:75,0
DA:76,0
DA:78,0
DA:84,0
DA:85,0
DA:88,0
DA:89,0
DA:92,0
DA:93,0
DA:96,0
DA:101,0
DA:103,0
DA:119,0
DA:124,0
DA:125,0
DA:128,0
DA:129,0
DA:132,0
DA:133,0
DA:134,0
DA:135,0
DA:136,0
DA:138,0
DA:140,0
DA:141,0
DA:143,0
DA:146,0
DA:148,0
DA:154,0
DA:157,0
DA:159,0
DA:166,0
LF:54
LH:0
BRDA:35,0,0,0
BRDA:35,0,1,0
BRDA:47,1,0,0
BRDA:47,1,1,0
BRDA:68,2,0,0
BRDA:69,3,0,0
BRDA:73,4,0,0
BRDA:74,5,0,0
BRDA:84,6,0,0
BRDA:84,6,1,0
BRDA:88,7,0,0
BRDA:88,7,1,0
BRDA:92,8,0,0
BRDA:92,8,1,0
BRDA:124,9,0,0
BRDA:124,9,1,0
BRDA:128,10,0,0
BRDA:128,10,1,0
BRDA:134,11,0,0
BRDA:134,11,1,0
BRDA:138,12,0,0
BRDA:138,12,1,0
BRDA:138,12,2,0
BRDA:20,13,0,0
BRDA:20,13,1,0
BRDA:20,14,0,0
BRDA:20,14,1,0
BRDA:20,15,0,0
BRDA:20,15,1,0
BRDA:20,16,0,0
BRDA:20,16,1,0
BRDA:22,17,0,0
BRDA:22,17,1,0
BRDA:22,18,0,0
BRDA:22,18,1,0
BRDA:24,19,0,0
BRDA:24,19,1,0
BRDA:24,20,0,0
BRDA:24,20,1,0
BRF:39
BRH:0
end_of_record
TN:
SF:src/flags/dto/create-flag.dto.ts
FNF:0
FNH:0
DA:1,0
DA:8,0
DA:10,0
DA:12,0
DA:15,0
DA:20,0
LF:6
LH:0
BRDA:15,0,0,0
BRDA:15,0,1,0
BRDA:15,1,0,0
BRDA:15,1,1,0
BRF:4
BRH:0
end_of_record
TN:
SF:src/flags/dto/list-flags-query.dto.ts
FNF:0
FNH:0
DA:1,0
DA:2,0
DA:4,0
DA:7,0
DA:11,0
DA:15,0
DA:19,0
DA:23,0
DA:27,0
DA:31,0
LF:10
LH:0
BRDA:7,0,0,0
BRDA:7,0,1,0
BRDA:7,1,0,0
BRDA:7,1,1,0
BRDA:11,2,0,0
BRDA:11,2,1,0
BRDA:11,3,0,0
BRDA:11,3,1,0
BRF:8
BRH:0
end_of_record
TN:
SF:src/flags/dto/resolve-flag.dto.ts
FNF:0
FNH:0
DA:1,0
DA:2,0
DA:4,0
DA:6,0
DA:11,0
LF:5
LH:0
BRDA:6,0,0,0
BRDA:6,0,1,0
BRDA:6,1,0,0
BRDA:6,1,1,0
BRF:4
BRH:0
end_of_record
TN:
SF:src/flags/entities/flag.entity.ts
FN:13,(anonymous_2)
FN:19,(anonymous_3)
FN:30,(anonymous_4)
FN:46,(anonymous_5)
FN:53,(anonymous_6)
FN:99,(anonymous_7)
FNF:6
FNH:0
FNDA:0,(anonymous_2)
FNDA:0,(anonymous_3)
FNDA:0,(anonymous_4)
FNDA:0,(anonymous_5)
FNDA:0,(anonymous_6)
FNDA:0,(anonymous_7)
DA:1,0
DA:2,0
DA:10,0
DA:11,0
DA:13,0
DA:14,0
DA:15,0
DA:16,0
DA:19,0
DA:20,0
DA:21,0
DA:22,0
DA:23,0
DA:24,0
DA:25,0
DA:26,0
DA:27,0
DA:30,0
DA:31,0
DA:32,0
DA:33,0
DA:41,0
DA:44,0
DA:46,0
DA:47,0
DA:51,0
DA:53,0
DA:54,0
DA:58,0
DA:65,0
DA:73,0
DA:78,0
DA:87,0
DA:92,0
DA:97,0
DA:99,0
DA:100,0
DA:104,0
DA:107,0
LF:39
LH:0
BRDA:13,0,0,0
BRDA:13,0,1,0
BRDA:19,1,0,0
BRDA:19,1,1,0
BRDA:30,2,0,0
BRDA:30,2,1,0
BRDA:47,3,0,0
BRDA:47,3,1,0
BRDA:47,4,0,0
BRDA:47,4,1,0
BRDA:54,5,0,0
BRDA:54,5,1,0
BRDA:54,6,0,0
BRDA:54,6,1,0
BRDA:107,7,0,0
BRDA:107,7,1,0
BRDA:107,8,0,0
BRDA:107,8,1,0
BRF:18
BRH:0
end_of_record
TN:
SF:src/health/health.controller.ts
FN:11,(anonymous_2)
FN:24,(anonymous_3)
FN:35,(anonymous_4)
FN:47,(anonymous_5)
FNF:4
FNH:0
FNDA:0,(anonymous_2)
FNDA:0,(anonymous_3)
FNDA:0,(anonymous_4)
FNDA:0,(anonymous_5)
DA:1,0
DA:3,0
DA:4,0
DA:5,0
DA:6,0
DA:10,0
DA:11,0
DA:24,0
DA:25,0
DA:35,0
DA:36,0
DA:47,0
DA:48,0
LF:13
LH:0
BRDA:24,0,0,0
BRDA:24,0,1,0
BRDA:24,1,0,0
BRDA:24,1,1,0
BRDA:47,2,0,0
BRDA:47,2,1,0
BRDA:47,3,0,0
BRDA:47,3,1,0
BRDA:11,4,0,0
BRDA:11,4,1,0
BRDA:11,5,0,0
BRDA:11,5,1,0
BRF:12
BRH:0
end_of_record
TN:
SF:src/health/health.module.ts
FNF:0
FNH:0
DA:1,0
DA:2,0
DA:3,0
DA:4,0
DA:5,0
DA:12,0
LF:6
LH:0
BRF:0
BRH:0
end_of_record
TN:
SF:src/health/health.service.ts
FN:19,(anonymous_13)
FN:38,(anonymous_14)
FN:43,(anonymous_15)
FN:47,(anonymous_16)
FN:48,(anonymous_17)
FN:60,(anonymous_18)
FN:72,(anonymous_19)
FN:94,(anonymous_20)
FN:107,(anonymous_21)
FN:116,(anonymous_22)
FN:137,(anonymous_23)
FNF:11
FNH:0
FNDA:0,(anonymous_13)
FNDA:0,(anonymous_14)
FNDA:0,(anonymous_15)
FNDA:0,(anonymous_16)
FNDA:0,(anonymous_17)
FNDA:0,(anonymous_18)
FNDA:0,(anonymous_19)
FNDA:0,(anonymous_20)
FNDA:0,(anonymous_21)
FNDA:0,(anonymous_22)
FNDA:0,(anonymous_23)
DA:1,0
DA:2,0
DA:10,0
DA:11,0
DA:12,0
DA:15,0
DA:18,0
DA:20,0
DA:21,0
DA:22,0
DA:23,0
DA:25,0
DA:38,0
DA:39,0
DA:40,0
DA:42,0
DA:44,0
DA:47,0
DA:49,0
DA:61,0
DA:73,0
DA:79,0
DA:85,0
DA:98,0
DA:99,0
DA:100,0
DA:101,0
DA:103,0
DA:112,0
DA:113,0
DA:114,0
DA:115,0
DA:116,0
DA:117,0
DA:128,0
DA:129,0
DA:130,0
DA:132,0
DA:138,0
LF:39
LH:0
BRDA:39,0,0,0
BRDA:39,0,1,0
BRDA:79,1,0,0
BRDA:79,1,1,0
BRDA:81,2,0,0
BRDA:81,2,1,0
BRDA:81,3,0,0
BRDA:81,3,1,0
BRDA:112,4,0,0
BRDA:112,4,1,0
BRDA:130,5,0,0
BRDA:130,5,1,0
BRDA:38,6,0,0
BRDA:38,6,1,0
BRDA:38,7,0,0
BRDA:38,7,1,0
BRDA:20,8,0,0
BRDA:20,8,1,0
BRDA:20,9,0,0
BRDA:20,9,1,0
BRDA:20,10,0,0
BRDA:20,10,1,0
BRDA:20,11,0,0
BRDA:20,11,1,0
BRDA:21,12,0,0
BRDA:21,12,1,0
BRDA:21,13,0,0
BRDA:21,13,1,0
BRDA:22,14,0,0
BRDA:22,14,1,0
BRDA:22,15,0,0
BRDA:22,15,1,0
BRDA:23,16,0,0
BRDA:23,16,1,0
BRDA:23,17,0,0
BRDA:23,17,1,0
BRF:36
BRH:0
end_of_record
TN:
SF:src/health/dto/detailed-health.dto.ts
FNF:0
FNH:0
DA:1,0
DA:3,0
DA:5,0
DA:8,0
DA:11,0
DA:13,0
DA:16,0
DA:19,0
DA:21,0
DA:24,0
DA:27,0
DA:29,0
DA:32,0
DA:35,0
DA:38,0
DA:41,0
LF:16
LH:0
BRF:0
BRH:0
end_of_record
TN:
SF:src/indexer/health.service.ts
FN:20,(anonymous_2)
FN:25,(anonymous_3)
FN:36,(anonymous_4)
FN:51,(anonymous_5)
FN:92,(anonymous_6)
FN:98,(anonymous_7)
FN:133,(anonymous_8)
FN:174,(anonymous_9)
FN:178,(anonymous_10)
FNF:9
FNH:0
FNDA:0,(anonymous_2)
FNDA:0,(anonymous_3)
FNDA:0,(anonymous_4)
FNDA:0,(anonymous_5)
FNDA:0,(anonymous_6)
FNDA:0,(anonymous_7)
FNDA:0,(anonymous_8)
FNDA:0,(anonymous_9)
FNDA:0,(anonymous_10)
DA:1,0
DA:2,0
DA:3,0
DA:4,0
DA:12,0
DA:13,0
DA:14,0
DA:17,0
DA:18,0
DA:21,0
DA:22,0
DA:26,0
DA:27,0
DA:29,0
DA:37,0
DA:38,0
DA:39,0
DA:41,0
DA:52,0
DA:53,0
DA:89,0
DA:93,0
DA:94,0
DA:95,0
DA:99,0
DA:101,0
DA:102,0
DA:105,0
DA:109,0
DA:117,0
DA:134,0
DA:135,0
DA:137,0
DA:138,0
DA:147,0
DA:150,0
DA:154,0
DA:162,0
DA:163,0
DA:171,0
DA:177,0
DA:178,0
DA:180,0
DA:183,0
DA:184,0
DA:187,0
LF:46
LH:0
BRDA:46,0,0,0
BRDA:46,0,1,0
BRDA:74,1,0,0
BRDA:74,1,1,0
BRDA:109,2,0,0
BRDA:109,2,1,0
BRDA:137,3,0,0
BRDA:137,3,1,0
BRDA:150,4,0,0
BRDA:150,4,1,0
BRDA:151,5,0,0
BRDA:151,5,1,0
BRDA:162,6,0,0
BRDA:162,6,1,0
BRDA:177,7,0,0
BRDA:177,7,1,0
BRDA:183,8,0,0
BRDA:183,8,1,0
BRDA:21,9,0,0
BRDA:21,9,1,0
BRDA:21,10,0,0
BRDA:21,10,1,0
BRDA:21,11,0,0
BRDA:21,11,1,0
BRDA:21,12,0,0
BRDA:21,12,1,0
BRF:26
BRH:0
end_of_record
TN:
SF:src/indexer/indexer-health.controller.ts
FN:23,(anonymous_2)
FN:37,(anonymous_3)
FN:53,(anonymous_4)
FN:70,(anonymous_5)
FN:84,(anonymous_6)
FNF:5
FNH:0
FNDA:0,(anonymous_2)
FNDA:0,(anonymous_3)
FNDA:0,(anonymous_4)
FNDA:0,(anonymous_5)
FNDA:0,(anonymous_6)
DA:1,0
DA:2,0
DA:9,0
DA:10,0
DA:11,0
DA:12,0
DA:13,0
DA:14,0
DA:15,0
DA:22,0
DA:23,0
DA:37,0
DA:38,0
DA:53,0
DA:54,0
DA:70,0
DA:71,0
DA:84,0
DA:85,0
LF:19
LH:0
BRDA:37,0,0,0
BRDA:37,0,1,0
BRDA:37,1,0,0
BRDA:37,1,1,0
BRDA:53,2,0,0
BRDA:53,2,1,0
BRDA:53,3,0,0
BRDA:53,3,1,0
BRDA:70,4,0,0
BRDA:70,4,1,0
BRDA:70,5,0,0
BRDA:70,5,1,0
BRDA:84,6,0,0
BRDA:84,6,1,0
BRDA:84,7,0,0
BRDA:84,7,1,0
BRDA:23,8,0,0
BRDA:23,8,1,0
BRDA:23,9,0,0
BRDA:23,9,1,0
BRF:20
BRH:0
end_of_record
TN:
SF:src/indexer/indexer.controller.ts
FN:31,(anonymous_4)
FN:36,(anonymous_5)
FN:53,(anonymous_6)
FN:67,(anonymous_7)
FN:74,(anonymous_8)
FNF:5
FNH:0
FNDA:0,(anonymous_4)
FNDA:0,(anonymous_5)
FNDA:0,(anonymous_6)
FNDA:0,(anonymous_7)
FNDA:0,(anonymous_8)
DA:1,0
DA:10,0
DA:11,0
DA:17,0
DA:18,0
DA:19,0
DA:20,0
DA:21,0
DA:22,0
DA:23,0
DA:30,0
DA:31,0
DA:36,0
DA:37,0
DA:38,0
DA:53,0
DA:54,0
DA:67,0
DA:68,0
DA:74,0
DA:75,0
DA:76,0
LF:22
LH:0
BRDA:56,0,0,0
BRDA:56,0,1,0
BRDA:36,1,0,0
BRDA:36,1,1,0
BRDA:36,2,0,0
BRDA:36,2,1,0
BRDA:36,3,0,0
BRDA:36,3,1,0
BRDA:36,4,0,0
BRDA:36,4,1,0
BRDA:53,5,0,0
BRDA:53,5,1,0
BRDA:53,6,0,0
BRDA:53,6,1,0
BRDA:67,7,0,0
BRDA:67,7,1,0
BRDA:67,8,0,0
BRDA:67,8,1,0
BRDA:74,9,0,0
BRDA:74,9,1,0
BRDA:74,10,0,0
BRDA:74,10,1,0
BRDA:31,11,0,0
BRDA:31,11,1,0
BRDA:31,12,0,0
BRDA:31,12,1,0
BRF:26
BRH:0
end_of_record
TN:
SF:src/indexer/indexer.module.ts
FNF:0
FNH:0
DA:1,0
DA:2,0
DA:3,0
DA:4,0
DA:5,0
DA:6,0
DA:7,0
DA:8,0
DA:9,0
DA:10,0
DA:11,0
DA:12,0
DA:13,0
DA:14,0
DA:33,0
LF:15
LH:0
BRF:0
BRH:0
end_of_record
TN:
SF:src/indexer/indexer.service.ts
FN:37,(anonymous_4)
FN:62,(anonymous_5)
FN:66,(anonymous_6)
FN:90,(anonymous_7)
FN:124,(anonymous_8)
FN:160,(anonymous_9)
FN:217,(anonymous_10)
FN:218,(anonymous_11)
FN:227,(anonymous_12)
FN:277,(anonymous_13)
FN:280,(anonymous_14)
FN:289,(anonymous_15)
FN:292,(anonymous_16)
FN:296,(anonymous_17)
FN:334,(anonymous_18)
FN:416,(anonymous_19)
FN:474,(anonymous_20)
FN:514,(anonymous_21)
FN:549,(anonymous_22)
FN:593,(anonymous_23)
FN:617,(anonymous_24)
FN:653,(anonymous_25)
FN:683,(anonymous_26)
FN:734,(anonymous_27)
FN:752,(anonymous_28)
FN:758,(anonymous_29)
FN:783,(anonymous_30)
FN:800,(anonymous_31)
FN:816,(anonymous_32)
FN:832,(anonymous_33)
FN:840,(anonymous_34)
FN:844,(anonymous_35)
FN:846,(anonymous_36)
FN:850,(anonymous_37)
FN:854,(anonymous_38)
FN:857,(anonymous_39)
FN:860,(anonymous_40)
FN:899,(anonymous_41)
FN:932,(anonymous_42)
FN:958,(anonymous_43)
FN:970,(anonymous_44)
FN:974,(anonymous_45)
FN:978,(anonymous_46)
FN:983,(anonymous_47)
FN:987,(anonymous_48)
FN:1005,(anonymous_49)
FN:1015,(anonymous_50)
FN:1029,(anonymous_51)
FNF:48
FNH:0
FNDA:0,(anonymous_4)
FNDA:0,(anonymous_5)
FNDA:0,(anonymous_6)
FNDA:0,(anonymous_7)
FNDA:0,(anonymous_8)
FNDA:0,(anonymous_9)
FNDA:0,(anonymous_10)
FNDA:0,(anonymous_11)
FNDA:0,(anonymous_12)
FNDA:0,(anonymous_13)
FNDA:0,(anonymous_14)
FNDA:0,(anonymous_15)
FNDA:0,(anonymous_16)
FNDA:0,(anonymous_17)
FNDA:0,(anonymous_18)
FNDA:0,(anonymous_19)
FNDA:0,(anonymous_20)
FNDA:0,(anonymous_21)
FNDA:0,(anonymous_22)
FNDA:0,(anonymous_23)
FNDA:0,(anonymous_24)
FNDA:0,(anonymous_25)
FNDA:0,(anonymous_26)
FNDA:0,(anonymous_27)
FNDA:0,(anonymous_28)
FNDA:0,(anonymous_29)
FNDA:0,(anonymous_30)
FNDA:0,(anonymous_31)
FNDA:0,(anonymous_32)
FNDA:0,(anonymous_33)
FNDA:0,(anonymous_34)
FNDA:0,(anonymous_35)
FNDA:0,(anonymous_36)
FNDA:0,(anonymous_37)
FNDA:0,(anonymous_38)
FNDA:0,(anonymous_39)
FNDA:0,(anonymous_40)
FNDA:0,(anonymous_41)
FNDA:0,(anonymous_42)
FNDA:0,(anonymous_43)
FNDA:0,(anonymous_44)
FNDA:0,(anonymous_45)
FNDA:0,(anonymous_46)
FNDA:0,(anonymous_47)
FNDA:0,(anonymous_48)
FNDA:0,(anonymous_49)
FNDA:0,(anonymous_50)
FNDA:0,(anonymous_51)
DA:1,0
DA:2,0
DA:3,0
DA:4,0
DA:5,0
DA:6,0
DA:10,0
DA:11,0
DA:13,0
DA:14,0
DA:15,0
DA:19,0
DA:21,0
DA:22,0
DA:23,0
DA:24,0
DA:25,0
DA:28,0
DA:29,0
DA:30,0
DA:31,0
DA:32,0
DA:33,0
DA:34,0
DA:35,0
DA:38,0
DA:41,0
DA:44,0
DA:47,0
DA:50,0
DA:53,0
DA:56,0
DA:59,0
DA:63,0
DA:67,0
DA:70,0
DA:71,0
DA:77,0
DA:80,0
DA:81,0
DA:90,0
DA:91,0
DA:92,0
DA:93,0
DA:96,0
DA:97,0
DA:98,0
DA:101,0
DA:102,0
DA:104,0
DA:105,0
DA:106,0
DA:109,0
DA:111,0
DA:112,0
DA:115,0
DA:116,0
DA:117,0
DA:119,0
DA:122,0
DA:123,0
DA:124,0
DA:127,0
DA:128,0
DA:129,0
DA:130,0
DA:131,0
DA:132,0
DA:133,0
DA:136,0
DA:142,0
DA:147,0
DA:148,0
DA:152,0
DA:154,0
DA:156,0
DA:171,0
DA:172,0
DA:174,0
DA:175,0
DA:178,0
DA:179,0
DA:194,0
DA:195,0
DA:198,0
DA:206,0
DA:207,0
DA:210,0
DA:212,0
DA:216,0
DA:217,0
DA:218,0
DA:220,0
DA:222,0
DA:223,0
DA:238,0
DA:240,0
DA:241,0
DA:242,0
DA:245,0
DA:249,0
DA:251,0
DA:255,0
DA:256,0
DA:259,0
DA:265,0
DA:267,0
DA:278,0
DA:279,0
DA:281,0
DA:282,0
DA:283,0
DA:284,0
DA:285,0
DA:287,0
DA:289,0
DA:296,0
DA:299,0
DA:305,0
DA:307,0
DA:309,0
DA:310,0
DA:311,0
DA:312,0
DA:313,0
DA:317,0
DA:318,0
DA:319,0
DA:320,0
DA:321,0
DA:322,0
DA:323,0
DA:324,0
DA:325,0
DA:329,0
DA:331,0
DA:338,0
DA:340,0
DA:342,0
[...]
FNDA:0,(anonymous_17)
FNDA:0,(anonymous_18)
FNDA:0,(anonymous_19)
FNDA:0,(anonymous_20)
FNDA:0,(anonymous_21)
FNDA:0,(anonymous_22)
FNDA:0,(anonymous_23)
DA:1,0
DA:2,0
DA:3,0
DA:4,0
DA:5,0
DA:6,0
DA:7,0
DA:8,0
DA:9,0
DA:11,0
DA:14,0
DA:15,0
DA:16,0
DA:19,0
DA:21,0
DA:23,0
DA:25,0
DA:27,0
DA:31,0
DA:32,0
DA:33,0
DA:34,0
DA:37,0
DA:38,0
DA:41,0
DA:44,0
DA:46,0
DA:47,0
DA:48,0
DA:51,0
DA:52,0
DA:53,0
DA:54,0
DA:56,0
DA:59,0
DA:60,0
DA:62,0
DA:63,0
DA:64,0
DA:65,0
DA:69,0
DA:73,0
DA:75,0
DA:80,0
DA:82,0
DA:84,0
DA:85,0
DA:87,0
DA:88,0
DA:90,0
DA:91,0
DA:93,0
DA:94,0
DA:96,0
DA:110,0
DA:112,0
DA:113,0
DA:115,0
DA:116,0
DA:118,0
DA:119,0
DA:121,0
DA:122,0
DA:125,0
DA:126,0
DA:127,0
DA:128,0
DA:129,0
DA:131,0
DA:138,0
DA:142,0
DA:143,0
DA:144,0
DA:147,0
DA:151,0
DA:152,0
DA:156,0
DA:158,0
DA:164,0
DA:188,0
DA:194,0
DA:195,0
DA:196,0
DA:197,0
DA:200,0
DA:201,0
DA:206,0
DA:212,0
DA:213,0
DA:214,0
DA:215,0
DA:219,0
DA:221,0
DA:222,0
DA:223,0
DA:226,0
DA:229,0
DA:230,0
DA:233,0
DA:236,0
DA:243,0
DA:244,0
DA:248,0
DA:252,0
DA:262,0
DA:264,0
DA:265,0
DA:268,0
DA:274,0
DA:275,0
DA:276,0
DA:277,0
DA:281,0
DA:283,0
DA:284,0
DA:285,0
DA:288,0
DA:291,0
DA:292,0
DA:295,0
DA:298,0
DA:305,0
DA:306,0
DA:307,0
DA:310,0
DA:311,0
DA:316,0
DA:323,0
DA:327,0
DA:328,0
DA:331,0
DA:337,0
DA:341,0
DA:342,0
DA:345,0
DA:346,0
DA:350,0
DA:351,0
DA:360,0
DA:361,0
DA:368,0
DA:369,0
DA:370,0
DA:372,0
DA:373,0
DA:374,0
DA:375,0
DA:378,0
DA:382,0
DA:383,0
DA:384,0
DA:386,0
DA:393,0
DA:394,0
DA:395,0
DA:397,0
DA:398,0
DA:399,0
DA:401,0
DA:408,0
DA:409,0
DA:410,0
DA:411,0
DA:413,0
DA:416,0
DA:417,0
DA:419,0
DA:426,0
DA:427,0
DA:428,0
DA:431,0
DA:432,0
DA:434,0
LF:173
LH:0
BRDA:33,0,0,0
BRDA:33,0,1,0
BRDA:33,1,0,0
BRDA:33,1,1,0
BRDA:37,2,0,0
BRDA:37,2,1,0
BRDA:52,3,0,0
BRDA:52,3,1,0
BRDA:53,4,0,0
BRDA:53,4,1,0
BRDA:64,5,0,0
BRDA:64,5,1,0
BRDA:82,6,0,0
BRDA:82,6,1,0
BRDA:82,6,2,0
BRDA:82,6,3,0
BRDA:82,6,4,0
BRDA:112,7,0,0
BRDA:112,7,1,0
BRDA:112,8,0,0
BRDA:112,8,1,0
BRDA:115,9,0,0
BRDA:115,9,1,0
BRDA:115,10,0,0
BRDA:115,10,1,0
BRDA:118,11,0,0
BRDA:118,11,1,0
BRDA:118,12,0,0
BRDA:118,12,1,0
BRDA:121,13,0,0
BRDA:121,13,1,0
BRDA:121,14,0,0
BRDA:121,14,1,0
BRDA:126,15,0,0
BRDA:126,15,1,0
BRDA:127,16,0,0
BRDA:127,16,1,0
BRDA:128,17,0,0
BRDA:128,17,1,0
BRDA:129,18,0,0
BRDA:129,18,1,0
BRDA:138,19,0,0
BRDA:138,19,1,0
BRDA:138,19,2,0
BRDA:142,20,0,0
BRDA:142,20,1,0
BRDA:151,21,0,0
BRDA:151,21,1,0
BRDA:156,22,0,0
BRDA:156,22,1,0
BRDA:158,23,0,0
BRDA:158,23,1,0
BRDA:166,24,0,0
BRDA:166,24,1,0
BRDA:167,25,0,0
BRDA:167,25,1,0
BRDA:168,26,0,0
BRDA:168,26,1,0
BRDA:169,27,0,0
BRDA:169,27,1,0
BRDA:170,28,0,0
BRDA:170,28,1,0
BRDA:175,29,0,0
BRDA:175,29,1,0
BRDA:178,30,0,0
BRDA:178,30,1,0
BRDA:180,31,0,0
BRDA:180,31,1,0
BRDA:184,32,0,0
BRDA:184,32,1,0
BRDA:185,33,0,0
BRDA:185,33,1,0
BRDA:195,34,0,0
BRDA:195,34,1,0
BRDA:202,35,0,0
BRDA:202,35,1,0
BRDA:202,35,2,0
BRDA:213,36,0,0
BRDA:213,36,1,0
BRDA:219,37,0,0
BRDA:219,37,1,0
BRDA:221,38,0,0
BRDA:221,38,1,0
BRDA:229,39,0,0
BRDA:229,39,1,0
BRDA:243,40,0,0
BRDA:243,40,1,0
BRDA:248,41,0,0
BRDA:248,41,1,0
BRDA:248,41,2,0
BRDA:255,42,0,0
BRDA:255,42,1,0
BRDA:259,43,0,0
BRDA:259,43,1,0
BRDA:275,44,0,0
BRDA:275,44,1,0
BRDA:281,45,0,0
BRDA:281,45,1,0
BRDA:283,46,0,0
BRDA:283,46,1,0
BRDA:291,47,0,0
BRDA:291,47,1,0
BRDA:305,48,0,0
BRDA:305,48,1,0
BRDA:312,49,0,0
BRDA:312,49,1,0
BRDA:312,49,2,0
BRDA:323,50,0,0
BRDA:323,50,1,0
BRDA:323,50,2,0
BRDA:327,51,0,0
BRDA:327,51,1,0
BRDA:341,52,0,0
BRDA:341,52,1,0
BRDA:346,53,0,0
BRDA:346,53,1,0
BRDA:361,54,0,0
BRDA:361,54,1,0
BRDA:369,55,0,0
BRDA:369,55,1,0
BRDA:369,56,0,0
BRDA:369,56,1,0
BRDA:372,57,0,0
BRDA:372,57,1,0
BRDA:374,58,0,0
BRDA:374,58,1,0
BRDA:383,59,0,0
BRDA:383,59,1,0
BRDA:394,60,0,0
BRDA:394,60,1,0
BRDA:397,61,0,0
BRDA:397,61,1,0
BRDA:398,62,0,0
BRDA:398,62,1,0
BRDA:399,63,0,0
BRDA:399,63,1,0
BRDA:409,64,0,0
BRDA:409,64,1,0
BRDA:416,65,0,0
BRDA:416,65,1,0
BRDA:416,66,0,0
BRDA:416,66,1,0
BRDA:427,67,0,0
BRDA:427,67,1,0
BRDA:434,68,0,0
BRDA:434,68,1,0
BRDA:31,69,0,0
BRDA:31,69,1,0
BRDA:31,70,0,0
BRDA:31,70,1,0
BRDA:19,71,0,0
BRDA:19,71,1,0
BRDA:19,72,0,0
BRDA:19,72,1,0
BRDA:19,73,0,0
BRDA:19,73,1,0
BRDA:19,74,0,0
BRDA:19,74,1,0
BRDA:21,75,0,0
BRDA:21,75,1,0
BRDA:21,76,0,0
BRDA:21,76,1,0
BRDA:23,77,0,0
BRDA:23,77,1,0
BRDA:23,78,0,0
BRDA:23,78,1,0
BRDA:25,79,0,0
BRDA:25,79,1,0
BRDA:25,80,0,0
BRDA:25,80,1,0
BRF:170
BRH:0
end_of_record
TN:
SF:src/soroban/soroban.module.ts
FNF:0
FNH:0
DA:1,0
DA:2,0
DA:3,0
DA:4,0
DA:5,0
DA:6,0
DA:7,0
DA:8,0
DA:9,0
DA:20,0
LF:10
LH:0
BRF:0
BRH:0
end_of_record
TN:
SF:src/soroban/soroban.service.ts
FN:57,(anonymous_2)
FN:78,(anonymous_3)
FN:82,(anonymous_4)
FN:83,(anonymous_5)
FN:88,(anonymous_6)
FN:89,(anonymous_7)
FN:95,(anonymous_8)
FN:103,(anonymous_9)
FN:122,(anonymous_10)
FN:127,(anonymous_11)
FN:151,(anonymous_12)
FN:152,(anonymous_13)
FN:170,(anonymous_14)
FN:171,(anonymous_15)
FN:197,(anonymous_16)
FN:206,(anonymous_17)
FN:271,(anonymous_18)
FN:299,(anonymous_19)
FN:305,(anonymous_20)
FN:341,(anonymous_21)
FN:345,(anonymous_22)
FN:381,(anonymous_23)
FN:385,(anonymous_24)
FN:419,(anonymous_25)
FN:424,(anonymous_26)
FN:448,(anonymous_27)
FN:449,(anonymous_28)
FN:492,(anonymous_29)
FN:493,(anonymous_30)
FN:499,(anonymous_31)
FN:513,(anonymous_32)
FN:539,(anonymous_33)
FN:550,(anonymous_34)
FN:556,(anonymous_35)
FN:571,(anonymous_36)
FN:574,(anonymous_37)
FNF:36
FNH:0
FNDA:0,(anonymous_2)
FNDA:0,(anonymous_3)
FNDA:0,(anonymous_4)
FNDA:0,(anonymous_5)
FNDA:0,(anonymous_6)
FNDA:0,(anonymous_7)
FNDA:0,(anonymous_8)
FNDA:0,(anonymous_9)
FNDA:0,(anonymous_10)
FNDA:0,(anonymous_11)
FNDA:0,(anonymous_12)
FNDA:0,(anonymous_13)
FNDA:0,(anonymous_14)
FNDA:0,(anonymous_15)
FNDA:0,(anonymous_16)
FNDA:0,(anonymous_17)
FNDA:0,(anonymous_18)
FNDA:0,(anonymous_19)
FNDA:0,(anonymous_20)
FNDA:0,(anonymous_21)
FNDA:0,(anonymous_22)
FNDA:0,(anonymous_23)
FNDA:0,(anonymous_24)
FNDA:0,(anonymous_25)
FNDA:0,(anonymous_26)
FNDA:0,(anonymous_27)
FNDA:0,(anonymous_28)
FNDA:0,(anonymous_29)
FNDA:0,(anonymous_30)
FNDA:0,(anonymous_31)
FNDA:0,(anonymous_32)
FNDA:0,(anonymous_33)
FNDA:0,(anonymous_34)
FNDA:0,(anonymous_35)
FNDA:0,(anonymous_36)
FNDA:0,(anonymous_37)
DA:1,0
DA:2,0
DA:3,0
DA:49,0
DA:50,0
DA:57,0
DA:58,0
DA:60,0
DA:61,0
DA:63,0
DA:67,0
DA:71,0
DA:72,0
DA:79,0
DA:83,0
DA:84,0
DA:89,0
DA:90,0
DA:91,0
DA:103,0
DA:104,0
DA:108,0
DA:109,0
DA:114,0
DA:127,0
DA:128,0
DA:132,0
DA:133,0
DA:134,0
DA:140,0
DA:152,0
DA:153,0
DA:155,0
DA:156,0
DA:160,0
DA:165,0
DA:166,0
DA:171,0
DA:172,0
DA:177,0
DA:178,0
DA:185,0
DA:192,0
DA:193,0
DA:203,0
DA:204,0
DA:207,0
DA:211,0
DA:212,0
DA:216,0
DA:219,0
DA:235,0
DA:236,0
DA:237,0
DA:238,0
DA:240,0
DA:241,0
DA:243,0
DA:247,0
DA:251,0
DA:254,0
DA:255,0
DA:256,0
DA:261,0
DA:264,0
DA:265,0
DA:266,0
DA:271,0
DA:272,0
DA:273,0
DA:276,0
DA:279,0
DA:282,0
DA:284,0
DA:305,0
DA:306,0
DA:311,0
DA:312,0
DA:317,0
DA:322,0
DA:329,0
DA:330,0
DA:345,0
DA:346,0
DA:351,0
DA:352,0
DA:357,0
DA:362,0
DA:369,0
DA:370,0
DA:385,0
DA:386,0
DA:391,0
DA:392,0
DA:397,0
DA:398,0
DA:405,0
DA:408,0
DA:424,0
DA:425,0
DA:430,0
DA:431,0
DA:436,0
DA:443,0
DA:444,0
DA:449,0
DA:450,0
DA:451,0
DA:454,0
DA:457,0
DA:472,0
DA:473,0
DA:476,0
DA:481,0
DA:482,0
DA:485,0
DA:487,0
DA:491,0
DA:492,0
DA:493,0
DA:495,0
DA:503,0
DA:504,0
DA:507,0
DA:508,0
DA:509,0
DA:514,0
DA:515,0
DA:518,0
DA:520,0
DA:524,0
DA:525,0
DA:526,0
DA:529,0
DA:530,0
DA:532,0
DA:533,0
DA:536,0
DA:540,0
DA:541,0
DA:543,0
DA:544,0
DA:545,0
DA:547,0
DA:551,0
DA:552,0
DA:555,0
DA:557,0
DA:558,0
DA:560,0
DA:561,0
DA:562,0
DA:563,0
DA:565,0
DA:566,0
DA:569,0
DA:571,0
DA:575,0
DA:576,0
DA:578,0
LF:160
LH:0
BRDA:59,0,0,0
BRDA:59,0,1,0
BRDA:60,1,0,0
BRDA:60,1,1,0
BRDA:62,2,0,0
BRDA:62,2,1,0
BRDA:64,3,0,0
BRDA:64,3,1,0
BRDA:71,4,0,0
BRDA:71,4,1,0
BRDA:71,5,0,0
BRDA:71,5,1,0
BRDA:71,5,2,0
BRDA:133,6,0,0
BRDA:133,6,1,0
BRDA:203,7,0,0
BRDA:203,7,1,0
BRDA:222,8,0,0
BRDA:222,8,1,0
BRDA:236,9,0,0
BRDA:236,9,1,0
BRDA:237,10,0,0
BRDA:237,10,1,0
BRDA:240,11,0,0
BRDA:240,11,1,0
BRDA:255,12,0,0
BRDA:255,12,1,0
BRDA:267,13,0,0
BRDA:267,13,1,0
BRDA:276,14,0,0
BRDA:276,14,1,0
BRDA:450,15,0,0
BRDA:450,15,1,0
BRDA:450,16,0,0
BRDA:450,16,1,0
BRDA:472,17,0,0
BRDA:472,17,1,0
BRDA:481,18,0,0
BRDA:481,18,1,0
BRDA:482,19,0,0
BRDA:482,19,1,0
BRDA:485,20,0,0
BRDA:485,20,1,0
BRDA:487,21,0,0
BRDA:487,21,1,0
BRDA:507,22,0,0
BRDA:507,22,1,0
BRDA:514,23,0,0
BRDA:514,23,1,0
BRDA:514,24,0,0
BRDA:514,24,1,0
BRDA:520,25,0,0
BRDA:520,25,1,0
BRDA:525,26,0,0
BRDA:525,26,1,0
BRDA:529,27,0,0
BRDA:529,27,1,0
BRDA:530,28,0,0
BRDA:530,28,1,0
BRDA:532,29,0,0
BRDA:532,29,1,0
BRDA:540,30,0,0
BRDA:540,30,1,0
BRDA:540,31,0,0
BRDA:540,31,1,0
BRDA:543,32,0,0
BRDA:543,32,1,0
BRDA:545,33,0,0
BRDA:545,33,1,0
BRDA:551,34,0,0
BRDA:551,34,1,0
BRDA:557,35,0,0
BRDA:557,35,1,0
BRDA:560,36,0,0
BRDA:560,36,1,0
BRDA:560,37,0,0
BRDA:560,37,1,0
BRDA:562,38,0,0
BRDA:562,38,1,0
BRDA:565,39,0,0
BRDA:565,39,1,0
BRDA:575,40,0,0
BRDA:575,40,1,0
BRDA:575,41,0,0
BRDA:575,41,1,0
BRDA:575,41,2,0
BRDA:57,42,0,0
BRDA:57,42,1,0
BRDA:57,43,0,0
BRDA:57,43,1,0
BRF:90
BRH:0
end_of_record
TN:
SF:src/soroban/entities/system-state.entity.ts
FNF:0
FNH:0
DA:1,0
DA:4,0
DA:6,0
DA:9,0
DA:12,0
LF:5
LH:0
BRDA:12,0,0,0
BRDA:12,0,1,0
BRDA:12,1,0,0
BRDA:12,1,1,0
BRF:4
BRH:0
end_of_record
TN:
SF:src/users/users.controller.ts
FN:50,(anonymous_4)
FN:60,(anonymous_5)
FN:73,(anonymous_6)
FN:92,(anonymous_7)
FN:104,(anonymous_8)
FN:123,(anonymous_9)
FN:138,(anonymous_10)
FN:149,(anonymous_11)
FN:159,(anonymous_12)
FN:174,(anonymous_13)
FN:191,(anonymous_14)
FN:207,(anonymous_15)
FN:226,(anonymous_16)
FN:245,(anonymous_17)
FNF:14
FNH:0
FNDA:0,(anonymous_4)
FNDA:0,(anonymous_5)
FNDA:0,(anonymous_6)
FNDA:0,(anonymous_7)
FNDA:0,(anonymous_8)
FNDA:0,(anonymous_9)
FNDA:0,(anonymous_10)
FNDA:0,(anonymous_11)
FNDA:0,(anonymous_12)
FNDA:0,(anonymous_13)
FNDA:0,(anonymous_14)
FNDA:0,(anonymous_15)
FNDA:0,(anonymous_16)
FNDA:0,(anonymous_17)
DA:1,0
DA:13,0
DA:14,0
DA:15,0
DA:16,0
DA:17,0
DA:18,0
DA:19,0
DA:20,0
DA:21,0
DA:25,0
DA:31,0
DA:32,0
DA:36,0
DA:40,0
DA:42,0
DA:43,0
DA:49,0
DA:50,0
DA:60,0
DA:61,0
DA:73,0
DA:77,0
DA:92,0
DA:96,0
DA:97,0
DA:104,0
DA:105,0
DA:106,0
DA:123,0
DA:127,0
DA:138,0
DA:142,0
DA:149,0
DA:153,0
DA:159,0
DA:160,0
DA:174,0
DA:178,0
DA:191,0
DA:195,0
DA:207,0
DA:211,0
DA:226,0
DA:230,0
DA:245,0
DA:249,0
LF:47
LH:0
BRDA:60,0,0,0
BRDA:60,0,1,0
BRDA:60,1,0,0
BRDA:60,1,1,0
BRDA:74,2,0,0
BRDA:74,2,1,0
BRDA:74,3,0,0
BRDA:74,3,1,0
BRDA:74,4,0,0
BRDA:74,4,1,0
BRDA:74,5,0,0
BRDA:74,5,1,0
BRDA:76,6,0,0
BRDA:76,6,1,0
BRDA:76,7,0,0
BRDA:76,7,1,0
BRDA:93,8,0,0
BRDA:93,8,1,0
BRDA:93,9,0,0
BRDA:93,9,1,0
BRDA:93,10,0,0
BRDA:93,10,1,0
BRDA:93,11,0,0
BRDA:93,11,1,0
BRDA:125,12,0,0
BRDA:125,12,1,0
BRDA:125,13,0,0
BRDA:125,13,1,0
BRDA:126,14,0,0
BRDA:126,14,1,0
BRDA:126,15,0,0
BRDA:126,15,1,0
BRDA:140,16,0,0
BRDA:140,16,1,0
BRDA:140,17,0,0
BRDA:140,17,1,0
BRDA:141,18,0,0
BRDA:141,18,1,0
BRDA:141,19,0,0
BRDA:141,19,1,0
BRDA:151,20,0,0
BRDA:151,20,1,0
BRDA:151,21,0,0
BRDA:151,21,1,0
BRDA:159,22,0,0
BRDA:159,22,1,0
BRDA:159,23,0,0
BRDA:159,23,1,0
BRDA:175,24,0,0
BRDA:175,24,1,0
BRDA:175,25,0,0
BRDA:175,25,1,0
BRDA:175,26,0,0
BRDA:175,26,1,0
BRDA:175,27,0,0
BRDA:175,27,1,0
BRDA:177,28,0,0
BRDA:177,28,1,0
BRDA:177,29,0,0
BRDA:177,29,1,0
BRDA:192,30,0,0
BRDA:192,30,1,0
BRDA:192,31,0,0
BRDA:192,31,1,0
BRDA:194,32,0,0
BRDA:194,32,1,0
BRDA:194,33,0,0
BRDA:194,33,1,0
BRDA:208,34,0,0
BRDA:208,34,1,0
BRDA:208,35,0,0
BRDA:208,35,1,0
BRDA:210,36,0,0
BRDA:210,36,1,0
BRDA:210,37,0,0
BRDA:210,37,1,0
BRDA:228,38,0,0
BRDA:228,38,1,0
BRDA:228,39,0,0
BRDA:228,39,1,0
BRDA:229,40,0,0
BRDA:229,40,1,0
BRDA:229,41,0,0
BRDA:229,41,1,0
BRDA:247,42,0,0
BRDA:247,42,1,0
BRDA:247,43,0,0
BRDA:247,43,1,0
BRDA:248,44,0,0
BRDA:248,44,1,0
BRDA:248,45,0,0
BRDA:248,45,1,0
BRDA:50,46,0,0
BRDA:50,46,1,0
BRDA:50,47,0,0
BRDA:50,47,1,0
BRF:96
BRH:0
end_of_record
TN:
SF:src/users/users.module.ts
FNF:0
FNH:0
DA:1,0
DA:2,0
DA:3,0
DA:4,0
DA:5,0
DA:6,0
DA:7,0
DA:8,0
DA:9,0
DA:10,0
DA:11,0
DA:12,0
DA:31,0
LF:13
LH:0
BRF:0
BRH:0
end_of_record
TN:
SF:src/users/users.service.ts
FN:52,(anonymous_4)
FN:71,(anonymous_5)
FN:75,(anonymous_6)
FN:83,(anonymous_7)
FN:93,(anonymous_8)
FN:115,(anonymous_9)
FN:116,(anonymous_10)
FN:124,(anonymous_11)
FN:149,(anonymous_12)
FN:163,(anonymous_13)
FN:176,(anonymous_14)
FN:199,(anonymous_15)
FN:211,(anonymous_16)
FN:257,(anonymous_17)
FN:273,(anonymous_18)
FN:282,(anonymous_19)
FN:320,(anonymous_20)
FN:328,(anonymous_21)
FN:335,(anonymous_22)
FN:343,(anonymous_23)
FN:353,(anonymous_24)
FN:366,(anonymous_25)
FN:403,(anonymous_26)
FN:430,(anonymous_27)
FN:448,(anonymous_28)
FN:466,(anonymous_29)
FN:471,(anonymous_30)
FN:489,(anonymous_31)
FN:496,(anonymous_32)
FNF:29
FNH:0
FNDA:0,(anonymous_4)
FNDA:0,(anonymous_5)
FNDA:0,(anonymous_6)
FNDA:0,(anonymous_7)
FNDA:0,(anonymous_8)
FNDA:0,(anonymous_9)
FNDA:0,(anonymous_10)
FNDA:0,(anonymous_11)
FNDA:0,(anonymous_12)
FNDA:0,(anonymous_13)
FNDA:0,(anonymous_14)
FNDA:0,(anonymous_15)
FNDA:0,(anonymous_16)
FNDA:0,(anonymous_17)
FNDA:0,(anonymous_18)
FNDA:0,(anonymous_19)
FNDA:0,(anonymous_20)
FNDA:0,(anonymous_21)
FNDA:0,(anonymous_22)
FNDA:0,(anonymous_23)
FNDA:0,(anonymous_24)
FNDA:0,(anonymous_25)
FNDA:0,(anonymous_26)
FNDA:0,(anonymous_27)
FNDA:0,(anonymous_28)
FNDA:0,(anonymous_29)
FNDA:0,(anonymous_30)
FNDA:0,(anonymous_31)
FNDA:0,(anonymous_32)
DA:1,0
DA:6,0
DA:7,0
DA:8,0
DA:9,0
DA:15,0
DA:16,0
DA:17,0
DA:18,0
DA:19,0
DA:32,0
DA:33,0
DA:37,0
DA:44,0
DA:51,0
DA:54,0
DA:56,0
DA:58,0
DA:60,0
DA:62,0
DA:64,0
DA:66,0
DA:68,0
DA:72,0
DA:76,0
DA:77,0
DA:78,0
DA:80,0
DA:84,0
DA:85,0
DA:86,0
DA:90,0
DA:97,0
DA:99,0
DA:100,0
DA:101,0
DA:103,0
DA:112,0
DA:114,0
DA:115,0
DA:117,0
DA:118,0
DA:121,0
DA:127,0
DA:129,0
DA:152,0
DA:153,0
DA:156,0
DA:157,0
DA:160,0
DA:164,0
DA:166,0
DA:167,0
DA:169,0
DA:170,0
DA:173,0
DA:177,0
DA:178,0
DA:179,0
DA:180,0
DA:182,0
DA:187,0
DA:188,0
DA:189,0
DA:190,0
DA:193,0
DA:199,0
DA:208,0
DA:215,0
DA:216,0
DA:217,0
DA:218,0
DA:220,0
DA:225,0
DA:226,0
DA:228,0
DA:231,0
DA:233,0
DA:234,0
DA:236,0
DA:237,0
DA:242,0
DA:246,0
DA:250,0
DA:252,0
DA:254,0
DA:261,0
DA:262,0
DA:263,0
DA:265,0
DA:273,0
DA:279,0
DA:283,0
DA:286,0
DA:304,0
DA:320,0
DA:328,0
DA:335,0
DA:343,0
DA:354,0
DA:358,0
DA:359,0
DA:360,0
DA:363,0
DA:370,0
DA:372,0
DA:373,0
DA:375,0
DA:376,0
DA:379,0
DA:380,0
DA:382,0
DA:383,0
DA:385,0
DA:386,0
DA:389,0
DA:391,0
DA:407,0
DA:408,0
DA:410,0
DA:411,0
DA:414,0
DA:418,0
DA:419,0
DA:422,0
DA:427,0
DA:434,0
DA:436,0
DA:441,0
DA:442,0
DA:445,0
DA:452,0
DA:453,0
DA:454,0
DA:455,0
DA:457,0
DA:466,0
DA:468,0
DA:475,0
DA:476,0
DA:477,0
DA:478,0
DA:480,0
DA:489,0
DA:490,0
DA:493,0
DA:497,0
LF:147
LH:0
BRDA:77,0,0,0
BRDA:77,0,1,0
BRDA:85,1,0,0
BRDA:85,1,1,0
BRDA:99,2,0,0
BRDA:99,2,1,0
BRDA:100,3,0,0
BRDA:100,3,1,0
BRDA:117,4,0,0
BRDA:117,4,1,0
BRDA:135,5,0,0
BRDA:135,5,1,0
BRDA:142,6,0,0
BRDA:142,6,1,0
BRDA:152,7,0,0
BRDA:152,7,1,0
BRDA:156,8,0,0
BRDA:156,8,1,0
BRDA:166,9,0,0
BRDA:166,9,1,0
BRDA:169,10,0,0
BRDA:169,10,1,0
BRDA:178,11,0,0
BRDA:178,12,0,0
BRDA:187,13,0,0
BRDA:187,13,1,0
BRDA:189,14,0,0
BRDA:189,14,1,0
BRDA:205,15,0,0
BRDA:205,15,1,0
BRDA:216,16,0,0
BRDA:216,16,1,0
BRDA:217,17,0,0
BRDA:217,17,1,0
BRDA:225,18,0,0
BRDA:225,18,1,0
BRDA:226,19,0,0
BRDA:226,19,1,0
BRDA:226,19,2,0
BRDA:242,20,0,0
BRDA:242,20,1,0
BRDA:246,21,0,0
BRDA:246,21,1,0
BRDA:246,22,0,0
BRDA:246,22,1,0
BRDA:261,23,0,0
BRDA:261,23,1,0
BRDA:262,24,0,0
BRDA:262,24,1,0
BRDA:358,25,0,0
BRDA:358,25,1,0
BRDA:372,26,0,0
BRDA:372,26,1,0
BRDA:375,27,0,0
BRDA:375,27,1,0
BRDA:379,28,0,0
BRDA:379,28,1,0
BRDA:382,29,0,0
BRDA:382,29,1,0
BRDA:385,30,0,0
BRDA:385,30,1,0
BRDA:410,31,0,0
BRDA:410,31,1,0
BRDA:418,32,0,0
BRDA:418,32,1,0
BRDA:441,33,0,0
BRDA:441,33,1,0
BRDA:453,34,0,0
BRDA:453,34,1,0
BRDA:454,35,0,0
BRDA:454,35,1,0
BRDA:476,36,0,0
BRDA:476,36,1,0
BRDA:477,37,0,0
BRDA:477,37,1,0
BRDA:54,38,0,0
BRDA:54,38,1,0
BRDA:54,39,0,0
BRDA:54,39,1,0
BRDA:54,40,0,0
BRDA:54,40,1,0
BRDA:54,41,0,0
BRDA:54,41,1,0
BRDA:56,42,0,0
BRDA:56,42,1,0
BRDA:56,43,0,0
BRDA:56,43,1,0
BRDA:58,44,0,0
BRDA:58,44,1,0
BRDA:58,45,0,0
BRDA:58,45,1,0
BRDA:60,46,0,0
BRDA:60,46,1,0
BRDA:60,47,0,0
BRDA:60,47,1,0
BRDA:62,48,0,0
BRDA:62,48,1,0
BRDA:62,49,0,0
BRDA:62,49,1,0
BRDA:64,50,0,0
BRDA:64,50,1,0
BRDA:64,51,0,0
BRDA:64,51,1,0
BRDA:66,52,0,0
BRDA:66,52,1,0
BRDA:66,53,0,0
BRDA:66,53,1,0
BRF:107
BRH:0
end_of_record
TN:
SF:src/users/dto/list-user-bookmarks.dto.ts
FN:8,(anonymous_2)
FN:15,(anonymous_3)
FNF:2
FNH:0
FNDA:0,(anonymous_2)
FNDA:0,(anonymous_3)
DA:1,0
DA:2,0
DA:3,0
DA:5,0
DA:8,0
DA:11,0
DA:15,0
DA:19,0
DA:22,0
DA:24,0
DA:27,0
DA:30,0
DA:33,0
LF:13
LH:0
BRF:0
BRH:0
end_of_record
TN:
SF:src/users/dto/list-user-competitions.dto.ts
FN:5,(anonymous_2)
FN:13,(anonymous_3)
FN:20,(anonymous_4)
FNF:3
FNH:0
FNDA:0,(anonymous_2)
FNDA:0,(anonymous_3)
FNDA:0,(anonymous_4)
DA:1,0
DA:2,0
DA:3,0
DA:5,0
DA:6,0
DA:7,0
DA:10,0
DA:13,0
DA:16,0
DA:20,0
DA:23,0
DA:28,0
DA:31,0
DA:33,0
DA:36,0
DA:39,0
DA:42,0
DA:45,0
DA:48,0
LF:19
LH:0
BRDA:5,0,0,0
BRDA:5,0,1,0
BRDA:45,1,0,0
BRDA:45,1,1,0
BRDA:45,2,0,0
BRDA:45,2,1,0
BRF:6
BRH:0
end_of_record
TN:
SF:src/users/dto/list-user-markets.dto.ts
FN:5,(anonymous_2)
FN:11,(anonymous_3)
FN:16,(anonymous_4)
FN:24,(anonymous_5)
FN:31,(anonymous_6)
FNF:5
FNH:0
FNDA:0,(anonymous_2)
FNDA:0,(anonymous_3)
FNDA:0,(anonymous_4)
FNDA:0,(anonymous_5)
FNDA:0,(anonymous_6)
DA:1,0
DA:2,0
DA:3,0
DA:5,0
DA:6,0
DA:7,0
DA:8,0
DA:11,0
DA:12,0
DA:13,0
DA:16,0
DA:17,0
DA:18,0
DA:21,0
DA:24,0
DA:27,0
DA:31,0
DA:35,0
DA:40,0
DA:48,0
DA:56,0
DA:59,0
LF:22
LH:0
BRDA:5,0,0,0
BRDA:5,0,1,0
BRDA:11,1,0,0
BRDA:11,1,1,0
BRDA:16,2,0,0
BRDA:16,2,1,0
BRF:6
BRH:0
end_of_record
TN:
SF:src/users/dto/list-user-predictions.dto.ts
FN:5,(anonymous_2)
FN:14,(anonymous_3)
FN:26,(anonymous_4)
FNF:3
FNH:0
FNDA:0,(anonymous_2)
FNDA:0,(anonymous_3)
FNDA:0,(anonymous_4)
DA:1,0
DA:2,0
DA:3,0
DA:5,0
DA:6,0
DA:7,0
DA:8,0
DA:11,0
DA:14,0
DA:17,0
DA:26,0
DA:30,0
DA:38,0
LF:13
LH:0
BRDA:5,0,0,0
BRDA:5,0,1,0
BRF:2
BRH:0
end_of_record
TN:
SF:src/users/dto/public-user.dto.ts
FNF:0
FNH:0
DA:1,0
DA:3,0
DA:5,0
DA:8,0
DA:11,0
DA:14,0
DA:17,0
DA:20,0
LF:8
LH:0
BRDA:20,0,0,0
BRDA:20,0,1,0
BRDA:20,1,0,0
BRDA:20,1,1,0
BRF:4
BRH:0
end_of_record
TN:
SF:src/users/dto/update-user.dto.ts
FNF:0
FNH:0
DA:1,0
DA:9,0
DA:11,0
DA:23,0
DA:32,0
LF:5
LH:0
BRF:0
BRH:0
end_of_record
TN:
SF:src/users/dto/user-follow.dto.ts
FNF:0
FNH:0
DA:1,0
DA:3,0
DA:7,0
DA:12,0
DA:15,0
DA:23,0
DA:30,0
DA:37,0
LF:8
LH:0
BRF:0
BRH:0
end_of_record
TN:
SF:src/users/dto/user-preferences.dto.ts
FNF:0
FNH:0
DA:1,0
DA:3,0
DA:6,0
DA:10,0
DA:14,0
DA:18,0
DA:22,0
DA:25,0
LF:8
LH:0
BRF:0
BRH:0
end_of_record
TN:
SF:src/users/dto/user-response.dto.ts
FNF:0
FNH:0
DA:1,0
DA:3,0
DA:5,0
DA:8,0
DA:11,0
DA:14,0
DA:17,0
DA:20,0
DA:23,0
DA:26,0
DA:29,0
DA:32,0
DA:35,0
DA:38,0
DA:41,0
LF:15
LH:0
BRDA:38,0,0,0
BRDA:38,0,1,0
BRDA:38,1,0,0
BRDA:38,1,1,0
BRDA:41,2,0,0
BRDA:41,2,1,0
BRDA:41,3,0,0
BRDA:41,3,1,0
BRF:8
BRH:0
end_of_record
TN:
SF:src/users/entities/user-follow.entity.ts
FN:23,(anonymous_2)
FN:29,(anonymous_3)
FNF:2
FNH:0
FNDA:0,(anonymous_2)
FNDA:0,(anonymous_3)
DA:1,0
DA:10,0
DA:16,0
DA:18,0
DA:21,0
DA:23,0
DA:24,0
DA:27,0
DA:29,0
DA:30,0
DA:33,0
LF:11
LH:0
BRDA:24,0,0,0
BRDA:24,0,1,0
BRDA:24,1,0,0
BRDA:24,1,1,0
BRDA:30,2,0,0
BRDA:30,2,1,0
BRDA:30,3,0,0
BRDA:30,3,1,0
BRDA:33,4,0,0
BRDA:33,4,1,0
BRDA:33,5,0,0
BRDA:33,5,1,0
BRF:12
BRH:0
end_of_record
TN:
SF:src/users/entities/user-preferences.entity.ts
FN:17,(anonymous_2)
FNF:1
FNH:0
FNDA:0,(anonymous_2)
DA:1,0
DA:10,0
DA:13,0
DA:15,0
DA:17,0
DA:19,0
DA:22,0
DA:25,0
DA:28,0
DA:31,0
DA:34,0
DA:37,0
DA:40,0
DA:43,0
LF:14
LH:0
BRDA:19,0,0,0
BRDA:19,0,1,0
BRDA:19,1,0,0
BRDA:19,1,1,0
BRDA:40,2,0,0
BRDA:40,2,1,0
BRDA:40,3,0,0
BRDA:40,3,1,0
BRDA:43,4,0,0
BRDA:43,4,1,0
BRDA:43,5,0,0
BRDA:43,5,1,0
BRF:12
BRH:0
end_of_record
TN:
SF:src/users/entities/user.entity.ts
FNF:0
FNH:0
DA:1,0
DA:9,0
DA:12,0
DA:14,0
DA:19,0
DA:24,0
DA:29,0
DA:34,0
DA:39,0
DA:43,0
DA:47,0
DA:51,0
DA:55,0
DA:60,0
DA:63,0
DA:68,0
DA:72,0
DA:77,0
DA:80,0
DA:83,0
LF:20
LH:0
BRDA:80,0,0,0
BRDA:80,0,1,0
BRDA:80,1,0,0
BRDA:80,1,1,0
BRDA:83,2,0,0
BRDA:83,2,1,0
BRDA:83,3,0,0
BRDA:83,3,1,0
BRF:8
BRH:0
end_of_record
